
helloworld.elf:     file format elf32-avr

Sections:
Idx Name          Size      VMA       LMA       File off  Algn
  0 .data         00000022  00800100  00000e28  00000ebc  2**0
                  CONTENTS, ALLOC, LOAD, DATA
  1 .text         00000e28  00000000  00000000  00000094  2**1
                  CONTENTS, ALLOC, LOAD, READONLY, CODE
  2 .bss          00000014  00800122  00800122  00000ede  2**0
                  ALLOC
  3 .stab         0000075c  00000000  00000000  00000ee0  2**2
                  CONTENTS, READONLY, DEBUGGING
  4 .stabstr      00000e76  00000000  00000000  0000163c  2**0
                  CONTENTS, READONLY, DEBUGGING
  5 .comment      00000011  00000000  00000000  000024b2  2**0
                  CONTENTS, READONLY
  6 .note.gnu.avr.deviceinfo 00000040  00000000  00000000  000024c4  2**2
                  CONTENTS, READONLY
  7 .debug_info   000005f4  00000000  00000000  00002504  2**0
                  CONTENTS, READONLY, DEBUGGING
  8 .debug_abbrev 000005a2  00000000  00000000  00002af8  2**0
                  CONTENTS, READONLY, DEBUGGING
  9 .debug_line   0000001a  00000000  00000000  0000309a  2**0
                  CONTENTS, READONLY, DEBUGGING
 10 .debug_str    00000208  00000000  00000000  000030b4  2**0
                  CONTENTS, READONLY, DEBUGGING

Disassembly of section .text:

00000000 <__vectors>:
   0:	0c 94 3a 00 	jmp	0x74	; 0x74 <__ctors_end>
   4:	0c 94 57 00 	jmp	0xae	; 0xae <__bad_interrupt>
   8:	0c 94 57 00 	jmp	0xae	; 0xae <__bad_interrupt>
   c:	0c 94 57 00 	jmp	0xae	; 0xae <__bad_interrupt>
  10:	0c 94 57 00 	jmp	0xae	; 0xae <__bad_interrupt>
  14:	0c 94 57 00 	jmp	0xae	; 0xae <__bad_interrupt>
  18:	0c 94 57 00 	jmp	0xae	; 0xae <__bad_interrupt>
  1c:	0c 94 57 00 	jmp	0xae	; 0xae <__bad_interrupt>
  20:	0c 94 57 00 	jmp	0xae	; 0xae <__bad_interrupt>
  24:	0c 94 57 00 	jmp	0xae	; 0xae <__bad_interrupt>
  28:	0c 94 57 00 	jmp	0xae	; 0xae <__bad_interrupt>
  2c:	0c 94 57 00 	jmp	0xae	; 0xae <__bad_interrupt>
  30:	0c 94 57 00 	jmp	0xae	; 0xae <__bad_interrupt>
  34:	0c 94 57 00 	jmp	0xae	; 0xae <__bad_interrupt>
  38:	0c 94 57 00 	jmp	0xae	; 0xae <__bad_interrupt>
  3c:	0c 94 57 00 	jmp	0xae	; 0xae <__bad_interrupt>
  40:	0c 94 57 00 	jmp	0xae	; 0xae <__bad_interrupt>
  44:	0c 94 57 00 	jmp	0xae	; 0xae <__bad_interrupt>
  48:	0c 94 57 00 	jmp	0xae	; 0xae <__bad_interrupt>
  4c:	0c 94 57 00 	jmp	0xae	; 0xae <__bad_interrupt>
  50:	0c 94 57 00 	jmp	0xae	; 0xae <__bad_interrupt>
  54:	0c 94 57 00 	jmp	0xae	; 0xae <__bad_interrupt>
  58:	0c 94 57 00 	jmp	0xae	; 0xae <__bad_interrupt>
  5c:	0c 94 57 00 	jmp	0xae	; 0xae <__bad_interrupt>
  60:	0c 94 57 00 	jmp	0xae	; 0xae <__bad_interrupt>
  64:	0c 94 57 00 	jmp	0xae	; 0xae <__bad_interrupt>

00000068 <__trampolines_end>:
  68:	63 64       	ori	r22, 0x43	; 67
  6a:	69 6e       	ori	r22, 0xE9	; 233
  6c:	6f 70       	andi	r22, 0x0F	; 15
  6e:	73 75       	andi	r23, 0x53	; 83
  70:	78 58       	subi	r23, 0x88	; 136
  72:	5b 00       	.word	0x005b	; ????

00000074 <__ctors_end>:
  74:	11 24       	eor	r1, r1
  76:	1f be       	out	0x3f, r1	; 63
  78:	cf ef       	ldi	r28, 0xFF	; 255
  7a:	d8 e0       	ldi	r29, 0x08	; 8
  7c:	de bf       	out	0x3e, r29	; 62
  7e:	cd bf       	out	0x3d, r28	; 61

00000080 <__do_copy_data>:
  80:	11 e0       	ldi	r17, 0x01	; 1
  82:	a0 e0       	ldi	r26, 0x00	; 0
  84:	b1 e0       	ldi	r27, 0x01	; 1
  86:	e8 e2       	ldi	r30, 0x28	; 40
  88:	fe e0       	ldi	r31, 0x0E	; 14
  8a:	02 c0       	rjmp	.+4      	; 0x90 <__do_copy_data+0x10>
  8c:	05 90       	lpm	r0, Z+
  8e:	0d 92       	st	X+, r0
  90:	a2 32       	cpi	r26, 0x22	; 34
  92:	b1 07       	cpc	r27, r17
  94:	d9 f7       	brne	.-10     	; 0x8c <__do_copy_data+0xc>

00000096 <__do_clear_bss>:
  96:	21 e0       	ldi	r18, 0x01	; 1
  98:	a2 e2       	ldi	r26, 0x22	; 34
  9a:	b1 e0       	ldi	r27, 0x01	; 1
  9c:	01 c0       	rjmp	.+2      	; 0xa0 <.do_clear_bss_start>

0000009e <.do_clear_bss_loop>:
  9e:	1d 92       	st	X+, r1

000000a0 <.do_clear_bss_start>:
  a0:	a6 33       	cpi	r26, 0x36	; 54
  a2:	b2 07       	cpc	r27, r18
  a4:	e1 f7       	brne	.-8      	; 0x9e <.do_clear_bss_loop>
  a6:	0e 94 79 00 	call	0xf2	; 0xf2 <main>
  aa:	0c 94 12 07 	jmp	0xe24	; 0xe24 <_exit>

000000ae <__bad_interrupt>:
  ae:	0c 94 00 00 	jmp	0	; 0x0 <__vectors>

000000b2 <uart_transmit>:

// transmisja jednego znaku
int uart_transmit(char data, FILE *stream)
{
  // czekaj aż transmiter gotowy
  while(!(UCSR0A & _BV(UDRE0)));
  b2:	90 91 c0 00 	lds	r25, 0x00C0	; 0x8000c0 <__TEXT_REGION_LENGTH__+0x7e00c0>
  b6:	95 ff       	sbrs	r25, 5
  b8:	fc cf       	rjmp	.-8      	; 0xb2 <uart_transmit>
  UDR0 = data;
  ba:	80 93 c6 00 	sts	0x00C6, r24	; 0x8000c6 <__TEXT_REGION_LENGTH__+0x7e00c6>
  return 0;
}
  be:	80 e0       	ldi	r24, 0x00	; 0
  c0:	90 e0       	ldi	r25, 0x00	; 0
  c2:	08 95       	ret

000000c4 <uart_receive>:

// odczyt jednego znaku
int uart_receive(FILE *stream)
{
  // czekaj aż znak dostępny
  while (!(UCSR0A & _BV(RXC0)));
  c4:	80 91 c0 00 	lds	r24, 0x00C0	; 0x8000c0 <__TEXT_REGION_LENGTH__+0x7e00c0>
  c8:	87 ff       	sbrs	r24, 7
  ca:	fc cf       	rjmp	.-8      	; 0xc4 <uart_receive>
  return UDR0;
  cc:	80 91 c6 00 	lds	r24, 0x00C6	; 0x8000c6 <__TEXT_REGION_LENGTH__+0x7e00c6>
}
  d0:	90 e0       	ldi	r25, 0x00	; 0
  d2:	08 95       	ret

000000d4 <uart_init>:

// inicjalizacja UART
void uart_init()
{
  // ustaw baudrate
  UBRR0 = UBRR_VALUE;
  d4:	87 e6       	ldi	r24, 0x67	; 103
  d6:	90 e0       	ldi	r25, 0x00	; 0
  d8:	90 93 c5 00 	sts	0x00C5, r25	; 0x8000c5 <__TEXT_REGION_LENGTH__+0x7e00c5>
  dc:	80 93 c4 00 	sts	0x00C4, r24	; 0x8000c4 <__TEXT_REGION_LENGTH__+0x7e00c4>
  // wyczyść rejestr UCSR0A
  UCSR0A = 0;
  e0:	10 92 c0 00 	sts	0x00C0, r1	; 0x8000c0 <__TEXT_REGION_LENGTH__+0x7e00c0>
  // włącz odbiornik i nadajnik
  UCSR0B = _BV(RXEN0) | _BV(TXEN0);
  e4:	88 e1       	ldi	r24, 0x18	; 24
  e6:	80 93 c1 00 	sts	0x00C1, r24	; 0x8000c1 <__TEXT_REGION_LENGTH__+0x7e00c1>
  // ustaw format 8n1
  UCSR0C = _BV(UCSZ00) | _BV(UCSZ01);
  ea:	86 e0       	ldi	r24, 0x06	; 6
  ec:	80 93 c2 00 	sts	0x00C2, r24	; 0x8000c2 <__TEXT_REGION_LENGTH__+0x7e00c2>
  f0:	08 95       	ret

000000f2 <main>:
}

FILE uart_file;

int main()
{
  f2:	cf 93       	push	r28
  f4:	df 93       	push	r29
  f6:	00 d0       	rcall	.+0      	; 0xf8 <main+0x6>
  f8:	cd b7       	in	r28, 0x3d	; 61
  fa:	de b7       	in	r29, 0x3e	; 62

// inicjalizacja UART
void uart_init()
{
  // ustaw baudrate
  UBRR0 = UBRR_VALUE;
  fc:	87 e6       	ldi	r24, 0x67	; 103
  fe:	90 e0       	ldi	r25, 0x00	; 0
 100:	90 93 c5 00 	sts	0x00C5, r25	; 0x8000c5 <__TEXT_REGION_LENGTH__+0x7e00c5>
 104:	80 93 c4 00 	sts	0x00C4, r24	; 0x8000c4 <__TEXT_REGION_LENGTH__+0x7e00c4>
  // wyczyść rejestr UCSR0A
  UCSR0A = 0;
 108:	10 92 c0 00 	sts	0x00C0, r1	; 0x8000c0 <__TEXT_REGION_LENGTH__+0x7e00c0>
  // włącz odbiornik i nadajnik
  UCSR0B = _BV(RXEN0) | _BV(TXEN0);
 10c:	88 e1       	ldi	r24, 0x18	; 24
 10e:	80 93 c1 00 	sts	0x00C1, r24	; 0x8000c1 <__TEXT_REGION_LENGTH__+0x7e00c1>
  // ustaw format 8n1
  UCSR0C = _BV(UCSZ00) | _BV(UCSZ01);
 112:	86 e0       	ldi	r24, 0x06	; 6
 114:	80 93 c2 00 	sts	0x00C2, r24	; 0x8000c2 <__TEXT_REGION_LENGTH__+0x7e00c2>
int main()
{
  // zainicjalizuj UART
  uart_init();
  // skonfiguruj strumienie wejścia/wyjścia
  fdev_setup_stream(&uart_file, uart_transmit, uart_receive, _FDEV_SETUP_RW);
 118:	82 e2       	ldi	r24, 0x22	; 34
 11a:	91 e0       	ldi	r25, 0x01	; 1
 11c:	29 e5       	ldi	r18, 0x59	; 89
 11e:	30 e0       	ldi	r19, 0x00	; 0
 120:	30 93 2b 01 	sts	0x012B, r19	; 0x80012b <__data_end+0x9>
 124:	20 93 2a 01 	sts	0x012A, r18	; 0x80012a <__data_end+0x8>
 128:	22 e6       	ldi	r18, 0x62	; 98
 12a:	30 e0       	ldi	r19, 0x00	; 0
 12c:	30 93 2d 01 	sts	0x012D, r19	; 0x80012d <__data_end+0xb>
 130:	20 93 2c 01 	sts	0x012C, r18	; 0x80012c <__data_end+0xa>
 134:	23 e0       	ldi	r18, 0x03	; 3
 136:	20 93 25 01 	sts	0x0125, r18	; 0x800125 <__data_end+0x3>
 13a:	10 92 2f 01 	sts	0x012F, r1	; 0x80012f <__data_end+0xd>
 13e:	10 92 2e 01 	sts	0x012E, r1	; 0x80012e <__data_end+0xc>
  stdin = stdout = stderr = &uart_file;
 142:	90 93 35 01 	sts	0x0135, r25	; 0x800135 <__iob+0x5>
 146:	80 93 34 01 	sts	0x0134, r24	; 0x800134 <__iob+0x4>
 14a:	90 93 33 01 	sts	0x0133, r25	; 0x800133 <__iob+0x3>
 14e:	80 93 32 01 	sts	0x0132, r24	; 0x800132 <__iob+0x2>
 152:	90 93 31 01 	sts	0x0131, r25	; 0x800131 <__iob+0x1>
 156:	80 93 30 01 	sts	0x0130, r24	; 0x800130 <__iob>
  // program testowy
  printf("Hello world!\r\n");
 15a:	80 e0       	ldi	r24, 0x00	; 0
 15c:	91 e0       	ldi	r25, 0x01	; 1
 15e:	0e 94 e9 00 	call	0x1d2	; 0x1d2 <puts>
 162:	ce 01       	movw	r24, r28
 164:	01 96       	adiw	r24, 0x01	; 1
 166:	5c 01       	movw	r10, r24
  while(1) {
    int16_t a = 1;
 168:	cc 24       	eor	r12, r12
 16a:	c3 94       	inc	r12
 16c:	d1 2c       	mov	r13, r1
    scanf("%"SCNd16, &a);
 16e:	9e e0       	ldi	r25, 0x0E	; 14
 170:	e9 2e       	mov	r14, r25
 172:	91 e0       	ldi	r25, 0x01	; 1
 174:	f9 2e       	mov	r15, r25
    printf("Odczytano: %"PRId16"\r\n", a);
 176:	01 e1       	ldi	r16, 0x11	; 17
 178:	11 e0       	ldi	r17, 0x01	; 1
  fdev_setup_stream(&uart_file, uart_transmit, uart_receive, _FDEV_SETUP_RW);
  stdin = stdout = stderr = &uart_file;
  // program testowy
  printf("Hello world!\r\n");
  while(1) {
    int16_t a = 1;
 17a:	da 82       	std	Y+2, r13	; 0x02
 17c:	c9 82       	std	Y+1, r12	; 0x01
    scanf("%"SCNd16, &a);
 17e:	bf 92       	push	r11
 180:	af 92       	push	r10
 182:	ff 92       	push	r15
 184:	ef 92       	push	r14
 186:	0e 94 19 01 	call	0x232	; 0x232 <scanf>
    printf("Odczytano: %"PRId16"\r\n", a);
 18a:	8a 81       	ldd	r24, Y+2	; 0x02
 18c:	8f 93       	push	r24
 18e:	89 81       	ldd	r24, Y+1	; 0x01
 190:	8f 93       	push	r24
 192:	1f 93       	push	r17
 194:	0f 93       	push	r16
 196:	0e 94 d3 00 	call	0x1a6	; 0x1a6 <printf>
 19a:	0f b6       	in	r0, 0x3f	; 63
 19c:	f8 94       	cli
 19e:	de bf       	out	0x3e, r29	; 62
 1a0:	0f be       	out	0x3f, r0	; 63
 1a2:	cd bf       	out	0x3d, r28	; 61
 1a4:	ea cf       	rjmp	.-44     	; 0x17a <main+0x88>

000001a6 <printf>:
 1a6:	a0 e0       	ldi	r26, 0x00	; 0
 1a8:	b0 e0       	ldi	r27, 0x00	; 0
 1aa:	e9 ed       	ldi	r30, 0xD9	; 217
 1ac:	f0 e0       	ldi	r31, 0x00	; 0
 1ae:	0c 94 eb 06 	jmp	0xdd6	; 0xdd6 <__prologue_saves__+0x20>
 1b2:	ae 01       	movw	r20, r28
 1b4:	4b 5f       	subi	r20, 0xFB	; 251
 1b6:	5f 4f       	sbci	r21, 0xFF	; 255
 1b8:	fa 01       	movw	r30, r20
 1ba:	61 91       	ld	r22, Z+
 1bc:	71 91       	ld	r23, Z+
 1be:	af 01       	movw	r20, r30
 1c0:	80 91 32 01 	lds	r24, 0x0132	; 0x800132 <__iob+0x2>
 1c4:	90 91 33 01 	lds	r25, 0x0133	; 0x800133 <__iob+0x3>
 1c8:	0e 94 2f 01 	call	0x25e	; 0x25e <vfprintf>
 1cc:	e2 e0       	ldi	r30, 0x02	; 2
 1ce:	0c 94 07 07 	jmp	0xe0e	; 0xe0e <__epilogue_restores__+0x20>

000001d2 <puts>:
 1d2:	0f 93       	push	r16
 1d4:	1f 93       	push	r17
 1d6:	cf 93       	push	r28
 1d8:	df 93       	push	r29
 1da:	e0 91 32 01 	lds	r30, 0x0132	; 0x800132 <__iob+0x2>
 1de:	f0 91 33 01 	lds	r31, 0x0133	; 0x800133 <__iob+0x3>
 1e2:	23 81       	ldd	r18, Z+3	; 0x03
 1e4:	21 ff       	sbrs	r18, 1
 1e6:	1b c0       	rjmp	.+54     	; 0x21e <puts+0x4c>
 1e8:	8c 01       	movw	r16, r24
 1ea:	d0 e0       	ldi	r29, 0x00	; 0
 1ec:	c0 e0       	ldi	r28, 0x00	; 0
 1ee:	f8 01       	movw	r30, r16
 1f0:	81 91       	ld	r24, Z+
 1f2:	8f 01       	movw	r16, r30
 1f4:	60 91 32 01 	lds	r22, 0x0132	; 0x800132 <__iob+0x2>
 1f8:	70 91 33 01 	lds	r23, 0x0133	; 0x800133 <__iob+0x3>
 1fc:	db 01       	movw	r26, r22
 1fe:	18 96       	adiw	r26, 0x08	; 8
 200:	ed 91       	ld	r30, X+
 202:	fc 91       	ld	r31, X
 204:	19 97       	sbiw	r26, 0x09	; 9
 206:	88 23       	and	r24, r24
 208:	31 f0       	breq	.+12     	; 0x216 <puts+0x44>
 20a:	09 95       	icall
 20c:	89 2b       	or	r24, r25
 20e:	79 f3       	breq	.-34     	; 0x1ee <puts+0x1c>
 210:	df ef       	ldi	r29, 0xFF	; 255
 212:	cf ef       	ldi	r28, 0xFF	; 255
 214:	ec cf       	rjmp	.-40     	; 0x1ee <puts+0x1c>
 216:	8a e0       	ldi	r24, 0x0A	; 10
 218:	09 95       	icall
 21a:	89 2b       	or	r24, r25
 21c:	19 f0       	breq	.+6      	; 0x224 <puts+0x52>
 21e:	8f ef       	ldi	r24, 0xFF	; 255
 220:	9f ef       	ldi	r25, 0xFF	; 255
 222:	02 c0       	rjmp	.+4      	; 0x228 <puts+0x56>
 224:	8d 2f       	mov	r24, r29
 226:	9c 2f       	mov	r25, r28
 228:	df 91       	pop	r29
 22a:	cf 91       	pop	r28
 22c:	1f 91       	pop	r17
 22e:	0f 91       	pop	r16
 230:	08 95       	ret

00000232 <scanf>:
 232:	a0 e0       	ldi	r26, 0x00	; 0
 234:	b0 e0       	ldi	r27, 0x00	; 0
 236:	ef e1       	ldi	r30, 0x1F	; 31
 238:	f1 e0       	ldi	r31, 0x01	; 1
 23a:	0c 94 eb 06 	jmp	0xdd6	; 0xdd6 <__prologue_saves__+0x20>
 23e:	ae 01       	movw	r20, r28
 240:	4b 5f       	subi	r20, 0xFB	; 251
 242:	5f 4f       	sbci	r21, 0xFF	; 255
 244:	fa 01       	movw	r30, r20
 246:	61 91       	ld	r22, Z+
 248:	71 91       	ld	r23, Z+
 24a:	af 01       	movw	r20, r30
 24c:	80 91 30 01 	lds	r24, 0x0130	; 0x800130 <__iob>
 250:	90 91 31 01 	lds	r25, 0x0131	; 0x800131 <__iob+0x1>
 254:	0e 94 ac 04 	call	0x958	; 0x958 <vfscanf>
 258:	e2 e0       	ldi	r30, 0x02	; 2
 25a:	0c 94 07 07 	jmp	0xe0e	; 0xe0e <__epilogue_restores__+0x20>

0000025e <vfprintf>:
 25e:	ab e0       	ldi	r26, 0x0B	; 11
 260:	b0 e0       	ldi	r27, 0x00	; 0
 262:	e5 e3       	ldi	r30, 0x35	; 53
 264:	f1 e0       	ldi	r31, 0x01	; 1
 266:	0c 94 db 06 	jmp	0xdb6	; 0xdb6 <__prologue_saves__>
 26a:	6c 01       	movw	r12, r24
 26c:	7b 01       	movw	r14, r22
 26e:	8a 01       	movw	r16, r20
 270:	fc 01       	movw	r30, r24
 272:	17 82       	std	Z+7, r1	; 0x07
 274:	16 82       	std	Z+6, r1	; 0x06
 276:	83 81       	ldd	r24, Z+3	; 0x03
 278:	81 ff       	sbrs	r24, 1
 27a:	cc c1       	rjmp	.+920    	; 0x614 <__LOCK_REGION_LENGTH__+0x214>
 27c:	ce 01       	movw	r24, r28
 27e:	01 96       	adiw	r24, 0x01	; 1
 280:	3c 01       	movw	r6, r24
 282:	f6 01       	movw	r30, r12
 284:	93 81       	ldd	r25, Z+3	; 0x03
 286:	f7 01       	movw	r30, r14
 288:	93 fd       	sbrc	r25, 3
 28a:	85 91       	lpm	r24, Z+
 28c:	93 ff       	sbrs	r25, 3
 28e:	81 91       	ld	r24, Z+
 290:	7f 01       	movw	r14, r30
 292:	88 23       	and	r24, r24
 294:	09 f4       	brne	.+2      	; 0x298 <vfprintf+0x3a>
 296:	ba c1       	rjmp	.+884    	; 0x60c <__LOCK_REGION_LENGTH__+0x20c>
 298:	85 32       	cpi	r24, 0x25	; 37
 29a:	39 f4       	brne	.+14     	; 0x2aa <vfprintf+0x4c>
 29c:	93 fd       	sbrc	r25, 3
 29e:	85 91       	lpm	r24, Z+
 2a0:	93 ff       	sbrs	r25, 3
 2a2:	81 91       	ld	r24, Z+
 2a4:	7f 01       	movw	r14, r30
 2a6:	85 32       	cpi	r24, 0x25	; 37
 2a8:	29 f4       	brne	.+10     	; 0x2b4 <vfprintf+0x56>
 2aa:	b6 01       	movw	r22, r12
 2ac:	90 e0       	ldi	r25, 0x00	; 0
 2ae:	0e 94 25 06 	call	0xc4a	; 0xc4a <fputc>
 2b2:	e7 cf       	rjmp	.-50     	; 0x282 <vfprintf+0x24>
 2b4:	91 2c       	mov	r9, r1
 2b6:	21 2c       	mov	r2, r1
 2b8:	31 2c       	mov	r3, r1
 2ba:	ff e1       	ldi	r31, 0x1F	; 31
 2bc:	f3 15       	cp	r31, r3
 2be:	d8 f0       	brcs	.+54     	; 0x2f6 <vfprintf+0x98>
 2c0:	8b 32       	cpi	r24, 0x2B	; 43
 2c2:	79 f0       	breq	.+30     	; 0x2e2 <vfprintf+0x84>
 2c4:	38 f4       	brcc	.+14     	; 0x2d4 <vfprintf+0x76>
 2c6:	80 32       	cpi	r24, 0x20	; 32
 2c8:	79 f0       	breq	.+30     	; 0x2e8 <vfprintf+0x8a>
 2ca:	83 32       	cpi	r24, 0x23	; 35
 2cc:	a1 f4       	brne	.+40     	; 0x2f6 <vfprintf+0x98>
 2ce:	23 2d       	mov	r18, r3
 2d0:	20 61       	ori	r18, 0x10	; 16
 2d2:	1d c0       	rjmp	.+58     	; 0x30e <vfprintf+0xb0>
 2d4:	8d 32       	cpi	r24, 0x2D	; 45
 2d6:	61 f0       	breq	.+24     	; 0x2f0 <vfprintf+0x92>
 2d8:	80 33       	cpi	r24, 0x30	; 48
 2da:	69 f4       	brne	.+26     	; 0x2f6 <vfprintf+0x98>
 2dc:	23 2d       	mov	r18, r3
 2de:	21 60       	ori	r18, 0x01	; 1
 2e0:	16 c0       	rjmp	.+44     	; 0x30e <vfprintf+0xb0>
 2e2:	83 2d       	mov	r24, r3
 2e4:	82 60       	ori	r24, 0x02	; 2
 2e6:	38 2e       	mov	r3, r24
 2e8:	e3 2d       	mov	r30, r3
 2ea:	e4 60       	ori	r30, 0x04	; 4
 2ec:	3e 2e       	mov	r3, r30
 2ee:	2a c0       	rjmp	.+84     	; 0x344 <vfprintf+0xe6>
 2f0:	f3 2d       	mov	r31, r3
 2f2:	f8 60       	ori	r31, 0x08	; 8
 2f4:	1d c0       	rjmp	.+58     	; 0x330 <vfprintf+0xd2>
 2f6:	37 fc       	sbrc	r3, 7
 2f8:	2d c0       	rjmp	.+90     	; 0x354 <vfprintf+0xf6>
 2fa:	20 ed       	ldi	r18, 0xD0	; 208
 2fc:	28 0f       	add	r18, r24
 2fe:	2a 30       	cpi	r18, 0x0A	; 10
 300:	40 f0       	brcs	.+16     	; 0x312 <vfprintf+0xb4>
 302:	8e 32       	cpi	r24, 0x2E	; 46
 304:	b9 f4       	brne	.+46     	; 0x334 <vfprintf+0xd6>
 306:	36 fc       	sbrc	r3, 6
 308:	81 c1       	rjmp	.+770    	; 0x60c <__LOCK_REGION_LENGTH__+0x20c>
 30a:	23 2d       	mov	r18, r3
 30c:	20 64       	ori	r18, 0x40	; 64
 30e:	32 2e       	mov	r3, r18
 310:	19 c0       	rjmp	.+50     	; 0x344 <vfprintf+0xe6>
 312:	36 fe       	sbrs	r3, 6
 314:	06 c0       	rjmp	.+12     	; 0x322 <vfprintf+0xc4>
 316:	8a e0       	ldi	r24, 0x0A	; 10
 318:	98 9e       	mul	r9, r24
 31a:	20 0d       	add	r18, r0
 31c:	11 24       	eor	r1, r1
 31e:	92 2e       	mov	r9, r18
 320:	11 c0       	rjmp	.+34     	; 0x344 <vfprintf+0xe6>
 322:	ea e0       	ldi	r30, 0x0A	; 10
 324:	2e 9e       	mul	r2, r30
 326:	20 0d       	add	r18, r0
 328:	11 24       	eor	r1, r1
 32a:	22 2e       	mov	r2, r18
 32c:	f3 2d       	mov	r31, r3
 32e:	f0 62       	ori	r31, 0x20	; 32
 330:	3f 2e       	mov	r3, r31
 332:	08 c0       	rjmp	.+16     	; 0x344 <vfprintf+0xe6>
 334:	8c 36       	cpi	r24, 0x6C	; 108
 336:	21 f4       	brne	.+8      	; 0x340 <vfprintf+0xe2>
 338:	83 2d       	mov	r24, r3
 33a:	80 68       	ori	r24, 0x80	; 128
 33c:	38 2e       	mov	r3, r24
 33e:	02 c0       	rjmp	.+4      	; 0x344 <vfprintf+0xe6>
 340:	88 36       	cpi	r24, 0x68	; 104
 342:	41 f4       	brne	.+16     	; 0x354 <vfprintf+0xf6>
 344:	f7 01       	movw	r30, r14
 346:	93 fd       	sbrc	r25, 3
 348:	85 91       	lpm	r24, Z+
 34a:	93 ff       	sbrs	r25, 3
 34c:	81 91       	ld	r24, Z+
 34e:	7f 01       	movw	r14, r30
 350:	81 11       	cpse	r24, r1
 352:	b3 cf       	rjmp	.-154    	; 0x2ba <vfprintf+0x5c>
 354:	98 2f       	mov	r25, r24
 356:	9f 7d       	andi	r25, 0xDF	; 223
 358:	95 54       	subi	r25, 0x45	; 69
 35a:	93 30       	cpi	r25, 0x03	; 3
 35c:	28 f4       	brcc	.+10     	; 0x368 <vfprintf+0x10a>
 35e:	0c 5f       	subi	r16, 0xFC	; 252
 360:	1f 4f       	sbci	r17, 0xFF	; 255
 362:	9f e3       	ldi	r25, 0x3F	; 63
 364:	99 83       	std	Y+1, r25	; 0x01
 366:	0d c0       	rjmp	.+26     	; 0x382 <vfprintf+0x124>
 368:	83 36       	cpi	r24, 0x63	; 99
 36a:	31 f0       	breq	.+12     	; 0x378 <vfprintf+0x11a>
 36c:	83 37       	cpi	r24, 0x73	; 115
 36e:	71 f0       	breq	.+28     	; 0x38c <vfprintf+0x12e>
 370:	83 35       	cpi	r24, 0x53	; 83
 372:	09 f0       	breq	.+2      	; 0x376 <vfprintf+0x118>
 374:	59 c0       	rjmp	.+178    	; 0x428 <__LOCK_REGION_LENGTH__+0x28>
 376:	21 c0       	rjmp	.+66     	; 0x3ba <vfprintf+0x15c>
 378:	f8 01       	movw	r30, r16
 37a:	80 81       	ld	r24, Z
 37c:	89 83       	std	Y+1, r24	; 0x01
 37e:	0e 5f       	subi	r16, 0xFE	; 254
 380:	1f 4f       	sbci	r17, 0xFF	; 255
 382:	88 24       	eor	r8, r8
 384:	83 94       	inc	r8
 386:	91 2c       	mov	r9, r1
 388:	53 01       	movw	r10, r6
 38a:	13 c0       	rjmp	.+38     	; 0x3b2 <vfprintf+0x154>
 38c:	28 01       	movw	r4, r16
 38e:	f2 e0       	ldi	r31, 0x02	; 2
 390:	4f 0e       	add	r4, r31
 392:	51 1c       	adc	r5, r1
 394:	f8 01       	movw	r30, r16
 396:	a0 80       	ld	r10, Z
 398:	b1 80       	ldd	r11, Z+1	; 0x01
 39a:	36 fe       	sbrs	r3, 6
 39c:	03 c0       	rjmp	.+6      	; 0x3a4 <vfprintf+0x146>
 39e:	69 2d       	mov	r22, r9
 3a0:	70 e0       	ldi	r23, 0x00	; 0
 3a2:	02 c0       	rjmp	.+4      	; 0x3a8 <vfprintf+0x14a>
 3a4:	6f ef       	ldi	r22, 0xFF	; 255
 3a6:	7f ef       	ldi	r23, 0xFF	; 255
 3a8:	c5 01       	movw	r24, r10
 3aa:	0e 94 dc 05 	call	0xbb8	; 0xbb8 <strnlen>
 3ae:	4c 01       	movw	r8, r24
 3b0:	82 01       	movw	r16, r4
 3b2:	f3 2d       	mov	r31, r3
 3b4:	ff 77       	andi	r31, 0x7F	; 127
 3b6:	3f 2e       	mov	r3, r31
 3b8:	16 c0       	rjmp	.+44     	; 0x3e6 <vfprintf+0x188>
 3ba:	28 01       	movw	r4, r16
 3bc:	22 e0       	ldi	r18, 0x02	; 2
 3be:	42 0e       	add	r4, r18
 3c0:	51 1c       	adc	r5, r1
 3c2:	f8 01       	movw	r30, r16
 3c4:	a0 80       	ld	r10, Z
 3c6:	b1 80       	ldd	r11, Z+1	; 0x01
 3c8:	36 fe       	sbrs	r3, 6
 3ca:	03 c0       	rjmp	.+6      	; 0x3d2 <vfprintf+0x174>
 3cc:	69 2d       	mov	r22, r9
 3ce:	70 e0       	ldi	r23, 0x00	; 0
 3d0:	02 c0       	rjmp	.+4      	; 0x3d6 <vfprintf+0x178>
 3d2:	6f ef       	ldi	r22, 0xFF	; 255
 3d4:	7f ef       	ldi	r23, 0xFF	; 255
 3d6:	c5 01       	movw	r24, r10
 3d8:	0e 94 d1 05 	call	0xba2	; 0xba2 <strnlen_P>
 3dc:	4c 01       	movw	r8, r24
 3de:	f3 2d       	mov	r31, r3
 3e0:	f0 68       	ori	r31, 0x80	; 128
 3e2:	3f 2e       	mov	r3, r31
 3e4:	82 01       	movw	r16, r4
 3e6:	33 fc       	sbrc	r3, 3
 3e8:	1b c0       	rjmp	.+54     	; 0x420 <__LOCK_REGION_LENGTH__+0x20>
 3ea:	82 2d       	mov	r24, r2
 3ec:	90 e0       	ldi	r25, 0x00	; 0
 3ee:	88 16       	cp	r8, r24
 3f0:	99 06       	cpc	r9, r25
 3f2:	b0 f4       	brcc	.+44     	; 0x420 <__LOCK_REGION_LENGTH__+0x20>
 3f4:	b6 01       	movw	r22, r12
 3f6:	80 e2       	ldi	r24, 0x20	; 32
 3f8:	90 e0       	ldi	r25, 0x00	; 0
 3fa:	0e 94 25 06 	call	0xc4a	; 0xc4a <fputc>
 3fe:	2a 94       	dec	r2
 400:	f4 cf       	rjmp	.-24     	; 0x3ea <vfprintf+0x18c>
 402:	f5 01       	movw	r30, r10
 404:	37 fc       	sbrc	r3, 7
 406:	85 91       	lpm	r24, Z+
 408:	37 fe       	sbrs	r3, 7
 40a:	81 91       	ld	r24, Z+
 40c:	5f 01       	movw	r10, r30
 40e:	b6 01       	movw	r22, r12
 410:	90 e0       	ldi	r25, 0x00	; 0
 412:	0e 94 25 06 	call	0xc4a	; 0xc4a <fputc>
 416:	21 10       	cpse	r2, r1
 418:	2a 94       	dec	r2
 41a:	21 e0       	ldi	r18, 0x01	; 1
 41c:	82 1a       	sub	r8, r18
 41e:	91 08       	sbc	r9, r1
 420:	81 14       	cp	r8, r1
 422:	91 04       	cpc	r9, r1
 424:	71 f7       	brne	.-36     	; 0x402 <__LOCK_REGION_LENGTH__+0x2>
 426:	e8 c0       	rjmp	.+464    	; 0x5f8 <__LOCK_REGION_LENGTH__+0x1f8>
 428:	84 36       	cpi	r24, 0x64	; 100
 42a:	11 f0       	breq	.+4      	; 0x430 <__LOCK_REGION_LENGTH__+0x30>
 42c:	89 36       	cpi	r24, 0x69	; 105
 42e:	41 f5       	brne	.+80     	; 0x480 <__LOCK_REGION_LENGTH__+0x80>
 430:	f8 01       	movw	r30, r16
 432:	37 fe       	sbrs	r3, 7
 434:	07 c0       	rjmp	.+14     	; 0x444 <__LOCK_REGION_LENGTH__+0x44>
 436:	60 81       	ld	r22, Z
 438:	71 81       	ldd	r23, Z+1	; 0x01
 43a:	82 81       	ldd	r24, Z+2	; 0x02
 43c:	93 81       	ldd	r25, Z+3	; 0x03
 43e:	0c 5f       	subi	r16, 0xFC	; 252
 440:	1f 4f       	sbci	r17, 0xFF	; 255
 442:	08 c0       	rjmp	.+16     	; 0x454 <__LOCK_REGION_LENGTH__+0x54>
 444:	60 81       	ld	r22, Z
 446:	71 81       	ldd	r23, Z+1	; 0x01
 448:	07 2e       	mov	r0, r23
 44a:	00 0c       	add	r0, r0
 44c:	88 0b       	sbc	r24, r24
 44e:	99 0b       	sbc	r25, r25
 450:	0e 5f       	subi	r16, 0xFE	; 254
 452:	1f 4f       	sbci	r17, 0xFF	; 255
 454:	f3 2d       	mov	r31, r3
 456:	ff 76       	andi	r31, 0x6F	; 111
 458:	3f 2e       	mov	r3, r31
 45a:	97 ff       	sbrs	r25, 7
 45c:	09 c0       	rjmp	.+18     	; 0x470 <__LOCK_REGION_LENGTH__+0x70>
 45e:	90 95       	com	r25
 460:	80 95       	com	r24
 462:	70 95       	com	r23
 464:	61 95       	neg	r22
 466:	7f 4f       	sbci	r23, 0xFF	; 255
 468:	8f 4f       	sbci	r24, 0xFF	; 255
 46a:	9f 4f       	sbci	r25, 0xFF	; 255
 46c:	f0 68       	ori	r31, 0x80	; 128
 46e:	3f 2e       	mov	r3, r31
 470:	2a e0       	ldi	r18, 0x0A	; 10
 472:	30 e0       	ldi	r19, 0x00	; 0
 474:	a3 01       	movw	r20, r6
 476:	0e 94 7a 06 	call	0xcf4	; 0xcf4 <__ultoa_invert>
 47a:	88 2e       	mov	r8, r24
 47c:	86 18       	sub	r8, r6
 47e:	45 c0       	rjmp	.+138    	; 0x50a <__LOCK_REGION_LENGTH__+0x10a>
 480:	85 37       	cpi	r24, 0x75	; 117
 482:	31 f4       	brne	.+12     	; 0x490 <__LOCK_REGION_LENGTH__+0x90>
 484:	23 2d       	mov	r18, r3
 486:	2f 7e       	andi	r18, 0xEF	; 239
 488:	b2 2e       	mov	r11, r18
 48a:	2a e0       	ldi	r18, 0x0A	; 10
 48c:	30 e0       	ldi	r19, 0x00	; 0
 48e:	25 c0       	rjmp	.+74     	; 0x4da <__LOCK_REGION_LENGTH__+0xda>
 490:	93 2d       	mov	r25, r3
 492:	99 7f       	andi	r25, 0xF9	; 249
 494:	b9 2e       	mov	r11, r25
 496:	8f 36       	cpi	r24, 0x6F	; 111
 498:	c1 f0       	breq	.+48     	; 0x4ca <__LOCK_REGION_LENGTH__+0xca>
 49a:	18 f4       	brcc	.+6      	; 0x4a2 <__LOCK_REGION_LENGTH__+0xa2>
 49c:	88 35       	cpi	r24, 0x58	; 88
 49e:	79 f0       	breq	.+30     	; 0x4be <__LOCK_REGION_LENGTH__+0xbe>
 4a0:	b5 c0       	rjmp	.+362    	; 0x60c <__LOCK_REGION_LENGTH__+0x20c>
 4a2:	80 37       	cpi	r24, 0x70	; 112
 4a4:	19 f0       	breq	.+6      	; 0x4ac <__LOCK_REGION_LENGTH__+0xac>
 4a6:	88 37       	cpi	r24, 0x78	; 120
 4a8:	21 f0       	breq	.+8      	; 0x4b2 <__LOCK_REGION_LENGTH__+0xb2>
 4aa:	b0 c0       	rjmp	.+352    	; 0x60c <__LOCK_REGION_LENGTH__+0x20c>
 4ac:	e9 2f       	mov	r30, r25
 4ae:	e0 61       	ori	r30, 0x10	; 16
 4b0:	be 2e       	mov	r11, r30
 4b2:	b4 fe       	sbrs	r11, 4
 4b4:	0d c0       	rjmp	.+26     	; 0x4d0 <__LOCK_REGION_LENGTH__+0xd0>
 4b6:	fb 2d       	mov	r31, r11
 4b8:	f4 60       	ori	r31, 0x04	; 4
 4ba:	bf 2e       	mov	r11, r31
 4bc:	09 c0       	rjmp	.+18     	; 0x4d0 <__LOCK_REGION_LENGTH__+0xd0>
 4be:	34 fe       	sbrs	r3, 4
 4c0:	0a c0       	rjmp	.+20     	; 0x4d6 <__LOCK_REGION_LENGTH__+0xd6>
 4c2:	29 2f       	mov	r18, r25
 4c4:	26 60       	ori	r18, 0x06	; 6
 4c6:	b2 2e       	mov	r11, r18
 4c8:	06 c0       	rjmp	.+12     	; 0x4d6 <__LOCK_REGION_LENGTH__+0xd6>
 4ca:	28 e0       	ldi	r18, 0x08	; 8
 4cc:	30 e0       	ldi	r19, 0x00	; 0
 4ce:	05 c0       	rjmp	.+10     	; 0x4da <__LOCK_REGION_LENGTH__+0xda>
 4d0:	20 e1       	ldi	r18, 0x10	; 16
 4d2:	30 e0       	ldi	r19, 0x00	; 0
 4d4:	02 c0       	rjmp	.+4      	; 0x4da <__LOCK_REGION_LENGTH__+0xda>
 4d6:	20 e1       	ldi	r18, 0x10	; 16
 4d8:	32 e0       	ldi	r19, 0x02	; 2
 4da:	f8 01       	movw	r30, r16
 4dc:	b7 fe       	sbrs	r11, 7
 4de:	07 c0       	rjmp	.+14     	; 0x4ee <__LOCK_REGION_LENGTH__+0xee>
 4e0:	60 81       	ld	r22, Z
 4e2:	71 81       	ldd	r23, Z+1	; 0x01
 4e4:	82 81       	ldd	r24, Z+2	; 0x02
 4e6:	93 81       	ldd	r25, Z+3	; 0x03
 4e8:	0c 5f       	subi	r16, 0xFC	; 252
 4ea:	1f 4f       	sbci	r17, 0xFF	; 255
 4ec:	06 c0       	rjmp	.+12     	; 0x4fa <__LOCK_REGION_LENGTH__+0xfa>
 4ee:	60 81       	ld	r22, Z
 4f0:	71 81       	ldd	r23, Z+1	; 0x01
 4f2:	80 e0       	ldi	r24, 0x00	; 0
 4f4:	90 e0       	ldi	r25, 0x00	; 0
 4f6:	0e 5f       	subi	r16, 0xFE	; 254
 4f8:	1f 4f       	sbci	r17, 0xFF	; 255
 4fa:	a3 01       	movw	r20, r6
 4fc:	0e 94 7a 06 	call	0xcf4	; 0xcf4 <__ultoa_invert>
 500:	88 2e       	mov	r8, r24
 502:	86 18       	sub	r8, r6
 504:	fb 2d       	mov	r31, r11
 506:	ff 77       	andi	r31, 0x7F	; 127
 508:	3f 2e       	mov	r3, r31
 50a:	36 fe       	sbrs	r3, 6
 50c:	0d c0       	rjmp	.+26     	; 0x528 <__LOCK_REGION_LENGTH__+0x128>
 50e:	23 2d       	mov	r18, r3
 510:	2e 7f       	andi	r18, 0xFE	; 254
 512:	a2 2e       	mov	r10, r18
 514:	89 14       	cp	r8, r9
 516:	58 f4       	brcc	.+22     	; 0x52e <__LOCK_REGION_LENGTH__+0x12e>
 518:	34 fe       	sbrs	r3, 4
 51a:	0b c0       	rjmp	.+22     	; 0x532 <__LOCK_REGION_LENGTH__+0x132>
 51c:	32 fc       	sbrc	r3, 2
 51e:	09 c0       	rjmp	.+18     	; 0x532 <__LOCK_REGION_LENGTH__+0x132>
 520:	83 2d       	mov	r24, r3
 522:	8e 7e       	andi	r24, 0xEE	; 238
 524:	a8 2e       	mov	r10, r24
 526:	05 c0       	rjmp	.+10     	; 0x532 <__LOCK_REGION_LENGTH__+0x132>
 528:	b8 2c       	mov	r11, r8
 52a:	a3 2c       	mov	r10, r3
 52c:	03 c0       	rjmp	.+6      	; 0x534 <__LOCK_REGION_LENGTH__+0x134>
 52e:	b8 2c       	mov	r11, r8
 530:	01 c0       	rjmp	.+2      	; 0x534 <__LOCK_REGION_LENGTH__+0x134>
 532:	b9 2c       	mov	r11, r9
 534:	a4 fe       	sbrs	r10, 4
 536:	0f c0       	rjmp	.+30     	; 0x556 <__LOCK_REGION_LENGTH__+0x156>
 538:	fe 01       	movw	r30, r28
 53a:	e8 0d       	add	r30, r8
 53c:	f1 1d       	adc	r31, r1
 53e:	80 81       	ld	r24, Z
 540:	80 33       	cpi	r24, 0x30	; 48
 542:	21 f4       	brne	.+8      	; 0x54c <__LOCK_REGION_LENGTH__+0x14c>
 544:	9a 2d       	mov	r25, r10
 546:	99 7e       	andi	r25, 0xE9	; 233
 548:	a9 2e       	mov	r10, r25
 54a:	09 c0       	rjmp	.+18     	; 0x55e <__LOCK_REGION_LENGTH__+0x15e>
 54c:	a2 fe       	sbrs	r10, 2
 54e:	06 c0       	rjmp	.+12     	; 0x55c <__LOCK_REGION_LENGTH__+0x15c>
 550:	b3 94       	inc	r11
 552:	b3 94       	inc	r11
 554:	04 c0       	rjmp	.+8      	; 0x55e <__LOCK_REGION_LENGTH__+0x15e>
 556:	8a 2d       	mov	r24, r10
 558:	86 78       	andi	r24, 0x86	; 134
 55a:	09 f0       	breq	.+2      	; 0x55e <__LOCK_REGION_LENGTH__+0x15e>
 55c:	b3 94       	inc	r11
 55e:	a3 fc       	sbrc	r10, 3
 560:	11 c0       	rjmp	.+34     	; 0x584 <__LOCK_REGION_LENGTH__+0x184>
 562:	a0 fe       	sbrs	r10, 0
 564:	06 c0       	rjmp	.+12     	; 0x572 <__LOCK_REGION_LENGTH__+0x172>
 566:	b2 14       	cp	r11, r2
 568:	88 f4       	brcc	.+34     	; 0x58c <__LOCK_REGION_LENGTH__+0x18c>
 56a:	28 0c       	add	r2, r8
 56c:	92 2c       	mov	r9, r2
 56e:	9b 18       	sub	r9, r11
 570:	0e c0       	rjmp	.+28     	; 0x58e <__LOCK_REGION_LENGTH__+0x18e>
 572:	b2 14       	cp	r11, r2
 574:	60 f4       	brcc	.+24     	; 0x58e <__LOCK_REGION_LENGTH__+0x18e>
 576:	b6 01       	movw	r22, r12
 578:	80 e2       	ldi	r24, 0x20	; 32
 57a:	90 e0       	ldi	r25, 0x00	; 0
 57c:	0e 94 25 06 	call	0xc4a	; 0xc4a <fputc>
 580:	b3 94       	inc	r11
 582:	f7 cf       	rjmp	.-18     	; 0x572 <__LOCK_REGION_LENGTH__+0x172>
 584:	b2 14       	cp	r11, r2
 586:	18 f4       	brcc	.+6      	; 0x58e <__LOCK_REGION_LENGTH__+0x18e>
 588:	2b 18       	sub	r2, r11
 58a:	02 c0       	rjmp	.+4      	; 0x590 <__LOCK_REGION_LENGTH__+0x190>
 58c:	98 2c       	mov	r9, r8
 58e:	21 2c       	mov	r2, r1
 590:	a4 fe       	sbrs	r10, 4
 592:	10 c0       	rjmp	.+32     	; 0x5b4 <__LOCK_REGION_LENGTH__+0x1b4>
 594:	b6 01       	movw	r22, r12
 596:	80 e3       	ldi	r24, 0x30	; 48
 598:	90 e0       	ldi	r25, 0x00	; 0
 59a:	0e 94 25 06 	call	0xc4a	; 0xc4a <fputc>
 59e:	a2 fe       	sbrs	r10, 2
 5a0:	17 c0       	rjmp	.+46     	; 0x5d0 <__LOCK_REGION_LENGTH__+0x1d0>
 5a2:	a1 fc       	sbrc	r10, 1
 5a4:	03 c0       	rjmp	.+6      	; 0x5ac <__LOCK_REGION_LENGTH__+0x1ac>
 5a6:	88 e7       	ldi	r24, 0x78	; 120
 5a8:	90 e0       	ldi	r25, 0x00	; 0
 5aa:	02 c0       	rjmp	.+4      	; 0x5b0 <__LOCK_REGION_LENGTH__+0x1b0>
 5ac:	88 e5       	ldi	r24, 0x58	; 88
 5ae:	90 e0       	ldi	r25, 0x00	; 0
 5b0:	b6 01       	movw	r22, r12
 5b2:	0c c0       	rjmp	.+24     	; 0x5cc <__LOCK_REGION_LENGTH__+0x1cc>
 5b4:	8a 2d       	mov	r24, r10
 5b6:	86 78       	andi	r24, 0x86	; 134
 5b8:	59 f0       	breq	.+22     	; 0x5d0 <__LOCK_REGION_LENGTH__+0x1d0>
 5ba:	a1 fe       	sbrs	r10, 1
 5bc:	02 c0       	rjmp	.+4      	; 0x5c2 <__LOCK_REGION_LENGTH__+0x1c2>
 5be:	8b e2       	ldi	r24, 0x2B	; 43
 5c0:	01 c0       	rjmp	.+2      	; 0x5c4 <__LOCK_REGION_LENGTH__+0x1c4>
 5c2:	80 e2       	ldi	r24, 0x20	; 32
 5c4:	a7 fc       	sbrc	r10, 7
 5c6:	8d e2       	ldi	r24, 0x2D	; 45
 5c8:	b6 01       	movw	r22, r12
 5ca:	90 e0       	ldi	r25, 0x00	; 0
 5cc:	0e 94 25 06 	call	0xc4a	; 0xc4a <fputc>
 5d0:	89 14       	cp	r8, r9
 5d2:	38 f4       	brcc	.+14     	; 0x5e2 <__LOCK_REGION_LENGTH__+0x1e2>
 5d4:	b6 01       	movw	r22, r12
 5d6:	80 e3       	ldi	r24, 0x30	; 48
 5d8:	90 e0       	ldi	r25, 0x00	; 0
 5da:	0e 94 25 06 	call	0xc4a	; 0xc4a <fputc>
 5de:	9a 94       	dec	r9
 5e0:	f7 cf       	rjmp	.-18     	; 0x5d0 <__LOCK_REGION_LENGTH__+0x1d0>
 5e2:	8a 94       	dec	r8
 5e4:	f3 01       	movw	r30, r6
 5e6:	e8 0d       	add	r30, r8
 5e8:	f1 1d       	adc	r31, r1
 5ea:	80 81       	ld	r24, Z
 5ec:	b6 01       	movw	r22, r12
 5ee:	90 e0       	ldi	r25, 0x00	; 0
 5f0:	0e 94 25 06 	call	0xc4a	; 0xc4a <fputc>
 5f4:	81 10       	cpse	r8, r1
 5f6:	f5 cf       	rjmp	.-22     	; 0x5e2 <__LOCK_REGION_LENGTH__+0x1e2>
 5f8:	22 20       	and	r2, r2
 5fa:	09 f4       	brne	.+2      	; 0x5fe <__LOCK_REGION_LENGTH__+0x1fe>
 5fc:	42 ce       	rjmp	.-892    	; 0x282 <vfprintf+0x24>
 5fe:	b6 01       	movw	r22, r12
 600:	80 e2       	ldi	r24, 0x20	; 32
 602:	90 e0       	ldi	r25, 0x00	; 0
 604:	0e 94 25 06 	call	0xc4a	; 0xc4a <fputc>
 608:	2a 94       	dec	r2
 60a:	f6 cf       	rjmp	.-20     	; 0x5f8 <__LOCK_REGION_LENGTH__+0x1f8>
 60c:	f6 01       	movw	r30, r12
 60e:	86 81       	ldd	r24, Z+6	; 0x06
 610:	97 81       	ldd	r25, Z+7	; 0x07
 612:	02 c0       	rjmp	.+4      	; 0x618 <__LOCK_REGION_LENGTH__+0x218>
 614:	8f ef       	ldi	r24, 0xFF	; 255
 616:	9f ef       	ldi	r25, 0xFF	; 255
 618:	2b 96       	adiw	r28, 0x0b	; 11
 61a:	e2 e1       	ldi	r30, 0x12	; 18
 61c:	0c 94 f7 06 	jmp	0xdee	; 0xdee <__epilogue_restores__>

00000620 <putval>:
 620:	20 fd       	sbrc	r18, 0
 622:	09 c0       	rjmp	.+18     	; 0x636 <putval+0x16>
 624:	fc 01       	movw	r30, r24
 626:	23 fd       	sbrc	r18, 3
 628:	05 c0       	rjmp	.+10     	; 0x634 <putval+0x14>
 62a:	22 ff       	sbrs	r18, 2
 62c:	02 c0       	rjmp	.+4      	; 0x632 <putval+0x12>
 62e:	73 83       	std	Z+3, r23	; 0x03
 630:	62 83       	std	Z+2, r22	; 0x02
 632:	51 83       	std	Z+1, r21	; 0x01
 634:	40 83       	st	Z, r20
 636:	08 95       	ret

00000638 <mulacc>:
 638:	44 fd       	sbrc	r20, 4
 63a:	17 c0       	rjmp	.+46     	; 0x66a <mulacc+0x32>
 63c:	46 fd       	sbrc	r20, 6
 63e:	17 c0       	rjmp	.+46     	; 0x66e <mulacc+0x36>
 640:	ab 01       	movw	r20, r22
 642:	bc 01       	movw	r22, r24
 644:	da 01       	movw	r26, r20
 646:	fb 01       	movw	r30, r22
 648:	aa 0f       	add	r26, r26
 64a:	bb 1f       	adc	r27, r27
 64c:	ee 1f       	adc	r30, r30
 64e:	ff 1f       	adc	r31, r31
 650:	10 94       	com	r1
 652:	d1 f7       	brne	.-12     	; 0x648 <mulacc+0x10>
 654:	4a 0f       	add	r20, r26
 656:	5b 1f       	adc	r21, r27
 658:	6e 1f       	adc	r22, r30
 65a:	7f 1f       	adc	r23, r31
 65c:	cb 01       	movw	r24, r22
 65e:	ba 01       	movw	r22, r20
 660:	66 0f       	add	r22, r22
 662:	77 1f       	adc	r23, r23
 664:	88 1f       	adc	r24, r24
 666:	99 1f       	adc	r25, r25
 668:	09 c0       	rjmp	.+18     	; 0x67c <mulacc+0x44>
 66a:	33 e0       	ldi	r19, 0x03	; 3
 66c:	01 c0       	rjmp	.+2      	; 0x670 <mulacc+0x38>
 66e:	34 e0       	ldi	r19, 0x04	; 4
 670:	66 0f       	add	r22, r22
 672:	77 1f       	adc	r23, r23
 674:	88 1f       	adc	r24, r24
 676:	99 1f       	adc	r25, r25
 678:	31 50       	subi	r19, 0x01	; 1
 67a:	d1 f7       	brne	.-12     	; 0x670 <mulacc+0x38>
 67c:	62 0f       	add	r22, r18
 67e:	71 1d       	adc	r23, r1
 680:	81 1d       	adc	r24, r1
 682:	91 1d       	adc	r25, r1
 684:	08 95       	ret

00000686 <skip_spaces>:
 686:	0f 93       	push	r16
 688:	1f 93       	push	r17
 68a:	cf 93       	push	r28
 68c:	df 93       	push	r29
 68e:	8c 01       	movw	r16, r24
 690:	c8 01       	movw	r24, r16
 692:	0e 94 e7 05 	call	0xbce	; 0xbce <fgetc>
 696:	ec 01       	movw	r28, r24
 698:	97 fd       	sbrc	r25, 7
 69a:	08 c0       	rjmp	.+16     	; 0x6ac <skip_spaces+0x26>
 69c:	0e 94 bd 05 	call	0xb7a	; 0xb7a <isspace>
 6a0:	89 2b       	or	r24, r25
 6a2:	b1 f7       	brne	.-20     	; 0x690 <skip_spaces+0xa>
 6a4:	b8 01       	movw	r22, r16
 6a6:	ce 01       	movw	r24, r28
 6a8:	0e 94 61 06 	call	0xcc2	; 0xcc2 <ungetc>
 6ac:	ce 01       	movw	r24, r28
 6ae:	df 91       	pop	r29
 6b0:	cf 91       	pop	r28
 6b2:	1f 91       	pop	r17
 6b4:	0f 91       	pop	r16
 6b6:	08 95       	ret

000006b8 <conv_int>:
 6b8:	8f 92       	push	r8
 6ba:	9f 92       	push	r9
 6bc:	af 92       	push	r10
 6be:	bf 92       	push	r11
 6c0:	ef 92       	push	r14
 6c2:	ff 92       	push	r15
 6c4:	0f 93       	push	r16
 6c6:	1f 93       	push	r17
 6c8:	cf 93       	push	r28
 6ca:	df 93       	push	r29
 6cc:	8c 01       	movw	r16, r24
 6ce:	d6 2f       	mov	r29, r22
 6d0:	7a 01       	movw	r14, r20
 6d2:	b2 2e       	mov	r11, r18
 6d4:	0e 94 e7 05 	call	0xbce	; 0xbce <fgetc>
 6d8:	9c 01       	movw	r18, r24
 6da:	33 27       	eor	r19, r19
 6dc:	2b 32       	cpi	r18, 0x2B	; 43
 6de:	31 05       	cpc	r19, r1
 6e0:	31 f0       	breq	.+12     	; 0x6ee <conv_int+0x36>
 6e2:	2d 32       	cpi	r18, 0x2D	; 45
 6e4:	31 05       	cpc	r19, r1
 6e6:	61 f4       	brne	.+24     	; 0x700 <conv_int+0x48>
 6e8:	8b 2d       	mov	r24, r11
 6ea:	80 68       	ori	r24, 0x80	; 128
 6ec:	b8 2e       	mov	r11, r24
 6ee:	d1 50       	subi	r29, 0x01	; 1
 6f0:	11 f4       	brne	.+4      	; 0x6f6 <conv_int+0x3e>
 6f2:	80 e0       	ldi	r24, 0x00	; 0
 6f4:	68 c0       	rjmp	.+208    	; 0x7c6 <conv_int+0x10e>
 6f6:	c8 01       	movw	r24, r16
 6f8:	0e 94 e7 05 	call	0xbce	; 0xbce <fgetc>
 6fc:	97 fd       	sbrc	r25, 7
 6fe:	f9 cf       	rjmp	.-14     	; 0x6f2 <conv_int+0x3a>
 700:	cb 2d       	mov	r28, r11
 702:	cd 7f       	andi	r28, 0xFD	; 253
 704:	2b 2d       	mov	r18, r11
 706:	20 73       	andi	r18, 0x30	; 48
 708:	09 f5       	brne	.+66     	; 0x74c <conv_int+0x94>
 70a:	80 33       	cpi	r24, 0x30	; 48
 70c:	f9 f4       	brne	.+62     	; 0x74c <conv_int+0x94>
 70e:	aa 24       	eor	r10, r10
 710:	aa 94       	dec	r10
 712:	ad 0e       	add	r10, r29
 714:	09 f4       	brne	.+2      	; 0x718 <conv_int+0x60>
 716:	43 c0       	rjmp	.+134    	; 0x79e <conv_int+0xe6>
 718:	c8 01       	movw	r24, r16
 71a:	0e 94 e7 05 	call	0xbce	; 0xbce <fgetc>
 71e:	97 fd       	sbrc	r25, 7
 720:	3e c0       	rjmp	.+124    	; 0x79e <conv_int+0xe6>
 722:	9c 01       	movw	r18, r24
 724:	2f 7d       	andi	r18, 0xDF	; 223
 726:	33 27       	eor	r19, r19
 728:	28 35       	cpi	r18, 0x58	; 88
 72a:	31 05       	cpc	r19, r1
 72c:	49 f4       	brne	.+18     	; 0x740 <conv_int+0x88>
 72e:	c2 64       	ori	r28, 0x42	; 66
 730:	d2 50       	subi	r29, 0x02	; 2
 732:	a9 f1       	breq	.+106    	; 0x79e <conv_int+0xe6>
 734:	c8 01       	movw	r24, r16
 736:	0e 94 e7 05 	call	0xbce	; 0xbce <fgetc>
 73a:	97 ff       	sbrs	r25, 7
 73c:	07 c0       	rjmp	.+14     	; 0x74c <conv_int+0x94>
 73e:	2f c0       	rjmp	.+94     	; 0x79e <conv_int+0xe6>
 740:	b6 fe       	sbrs	r11, 6
 742:	02 c0       	rjmp	.+4      	; 0x748 <conv_int+0x90>
 744:	c2 60       	ori	r28, 0x02	; 2
 746:	01 c0       	rjmp	.+2      	; 0x74a <conv_int+0x92>
 748:	c2 61       	ori	r28, 0x12	; 18
 74a:	da 2d       	mov	r29, r10
 74c:	81 2c       	mov	r8, r1
 74e:	91 2c       	mov	r9, r1
 750:	54 01       	movw	r10, r8
 752:	20 ed       	ldi	r18, 0xD0	; 208
 754:	28 0f       	add	r18, r24
 756:	28 30       	cpi	r18, 0x08	; 8
 758:	80 f0       	brcs	.+32     	; 0x77a <conv_int+0xc2>
 75a:	c4 ff       	sbrs	r28, 4
 75c:	04 c0       	rjmp	.+8      	; 0x766 <conv_int+0xae>
 75e:	b8 01       	movw	r22, r16
 760:	0e 94 61 06 	call	0xcc2	; 0xcc2 <ungetc>
 764:	19 c0       	rjmp	.+50     	; 0x798 <conv_int+0xe0>
 766:	2a 30       	cpi	r18, 0x0A	; 10
 768:	40 f0       	brcs	.+16     	; 0x77a <conv_int+0xc2>
 76a:	c6 ff       	sbrs	r28, 6
 76c:	f8 cf       	rjmp	.-16     	; 0x75e <conv_int+0xa6>
 76e:	2f 7d       	andi	r18, 0xDF	; 223
 770:	3f ee       	ldi	r19, 0xEF	; 239
 772:	32 0f       	add	r19, r18
 774:	36 30       	cpi	r19, 0x06	; 6
 776:	98 f7       	brcc	.-26     	; 0x75e <conv_int+0xa6>
 778:	27 50       	subi	r18, 0x07	; 7
 77a:	4c 2f       	mov	r20, r28
 77c:	c5 01       	movw	r24, r10
 77e:	b4 01       	movw	r22, r8
 780:	0e 94 1c 03 	call	0x638	; 0x638 <mulacc>
 784:	4b 01       	movw	r8, r22
 786:	5c 01       	movw	r10, r24
 788:	c2 60       	ori	r28, 0x02	; 2
 78a:	d1 50       	subi	r29, 0x01	; 1
 78c:	59 f0       	breq	.+22     	; 0x7a4 <conv_int+0xec>
 78e:	c8 01       	movw	r24, r16
 790:	0e 94 e7 05 	call	0xbce	; 0xbce <fgetc>
 794:	97 ff       	sbrs	r25, 7
 796:	dd cf       	rjmp	.-70     	; 0x752 <conv_int+0x9a>
 798:	c1 fd       	sbrc	r28, 1
 79a:	04 c0       	rjmp	.+8      	; 0x7a4 <conv_int+0xec>
 79c:	aa cf       	rjmp	.-172    	; 0x6f2 <conv_int+0x3a>
 79e:	81 2c       	mov	r8, r1
 7a0:	91 2c       	mov	r9, r1
 7a2:	54 01       	movw	r10, r8
 7a4:	c7 ff       	sbrs	r28, 7
 7a6:	08 c0       	rjmp	.+16     	; 0x7b8 <conv_int+0x100>
 7a8:	b0 94       	com	r11
 7aa:	a0 94       	com	r10
 7ac:	90 94       	com	r9
 7ae:	80 94       	com	r8
 7b0:	81 1c       	adc	r8, r1
 7b2:	91 1c       	adc	r9, r1
 7b4:	a1 1c       	adc	r10, r1
 7b6:	b1 1c       	adc	r11, r1
 7b8:	2c 2f       	mov	r18, r28
 7ba:	b5 01       	movw	r22, r10
 7bc:	a4 01       	movw	r20, r8
 7be:	c7 01       	movw	r24, r14
 7c0:	0e 94 10 03 	call	0x620	; 0x620 <putval>
 7c4:	81 e0       	ldi	r24, 0x01	; 1
 7c6:	df 91       	pop	r29
 7c8:	cf 91       	pop	r28
 7ca:	1f 91       	pop	r17
 7cc:	0f 91       	pop	r16
 7ce:	ff 90       	pop	r15
 7d0:	ef 90       	pop	r14
 7d2:	bf 90       	pop	r11
 7d4:	af 90       	pop	r10
 7d6:	9f 90       	pop	r9
 7d8:	8f 90       	pop	r8
 7da:	08 95       	ret

000007dc <conv_brk>:
 7dc:	a0 e2       	ldi	r26, 0x20	; 32
 7de:	b0 e0       	ldi	r27, 0x00	; 0
 7e0:	e4 ef       	ldi	r30, 0xF4	; 244
 7e2:	f3 e0       	ldi	r31, 0x03	; 3
 7e4:	0c 94 de 06 	jmp	0xdbc	; 0xdbc <__prologue_saves__+0x6>
 7e8:	5c 01       	movw	r10, r24
 7ea:	96 2e       	mov	r9, r22
 7ec:	7a 01       	movw	r14, r20
 7ee:	f9 01       	movw	r30, r18
 7f0:	8e 01       	movw	r16, r28
 7f2:	0f 5f       	subi	r16, 0xFF	; 255
 7f4:	1f 4f       	sbci	r17, 0xFF	; 255
 7f6:	68 01       	movw	r12, r16
 7f8:	80 e2       	ldi	r24, 0x20	; 32
 7fa:	d8 01       	movw	r26, r16
 7fc:	1d 92       	st	X+, r1
 7fe:	8a 95       	dec	r24
 800:	e9 f7       	brne	.-6      	; 0x7fc <conv_brk+0x20>
 802:	d5 01       	movw	r26, r10
 804:	13 96       	adiw	r26, 0x03	; 3
 806:	8c 90       	ld	r8, X
 808:	80 e0       	ldi	r24, 0x00	; 0
 80a:	90 e0       	ldi	r25, 0x00	; 0
 80c:	61 2c       	mov	r6, r1
 80e:	71 2c       	mov	r7, r1
 810:	30 e0       	ldi	r19, 0x00	; 0
 812:	61 e0       	ldi	r22, 0x01	; 1
 814:	70 e0       	ldi	r23, 0x00	; 0
 816:	83 fc       	sbrc	r8, 3
 818:	25 91       	lpm	r18, Z+
 81a:	83 fe       	sbrs	r8, 3
 81c:	21 91       	ld	r18, Z+
 81e:	8f 01       	movw	r16, r30
 820:	52 2e       	mov	r5, r18
 822:	21 11       	cpse	r18, r1
 824:	03 c0       	rjmp	.+6      	; 0x82c <conv_brk+0x50>
 826:	80 e0       	ldi	r24, 0x00	; 0
 828:	90 e0       	ldi	r25, 0x00	; 0
 82a:	92 c0       	rjmp	.+292    	; 0x950 <__stack+0x51>
 82c:	2e 35       	cpi	r18, 0x5E	; 94
 82e:	11 f4       	brne	.+4      	; 0x834 <conv_brk+0x58>
 830:	00 97       	sbiw	r24, 0x00	; 0
 832:	51 f1       	breq	.+84     	; 0x888 <conv_brk+0xac>
 834:	43 2f       	mov	r20, r19
 836:	50 e0       	ldi	r21, 0x00	; 0
 838:	48 17       	cp	r20, r24
 83a:	59 07       	cpc	r21, r25
 83c:	3c f4       	brge	.+14     	; 0x84c <conv_brk+0x70>
 83e:	2d 35       	cpi	r18, 0x5D	; 93
 840:	59 f1       	breq	.+86     	; 0x898 <conv_brk+0xbc>
 842:	2d 32       	cpi	r18, 0x2D	; 45
 844:	19 f4       	brne	.+6      	; 0x84c <conv_brk+0x70>
 846:	77 20       	and	r7, r7
 848:	09 f1       	breq	.+66     	; 0x88c <conv_brk+0xb0>
 84a:	03 c0       	rjmp	.+6      	; 0x852 <conv_brk+0x76>
 84c:	77 20       	and	r7, r7
 84e:	09 f4       	brne	.+2      	; 0x852 <conv_brk+0x76>
 850:	6a c0       	rjmp	.+212    	; 0x926 <__stack+0x27>
 852:	45 2d       	mov	r20, r5
 854:	46 95       	lsr	r20
 856:	46 95       	lsr	r20
 858:	46 95       	lsr	r20
 85a:	d6 01       	movw	r26, r12
 85c:	a4 0f       	add	r26, r20
 85e:	b1 1d       	adc	r27, r1
 860:	45 2d       	mov	r20, r5
 862:	47 70       	andi	r20, 0x07	; 7
 864:	8b 01       	movw	r16, r22
 866:	02 c0       	rjmp	.+4      	; 0x86c <conv_brk+0x90>
 868:	00 0f       	add	r16, r16
 86a:	11 1f       	adc	r17, r17
 86c:	4a 95       	dec	r20
 86e:	e2 f7       	brpl	.-8      	; 0x868 <conv_brk+0x8c>
 870:	a8 01       	movw	r20, r16
 872:	5c 91       	ld	r21, X
 874:	45 2b       	or	r20, r21
 876:	4c 93       	st	X, r20
 878:	65 14       	cp	r6, r5
 87a:	59 f0       	breq	.+22     	; 0x892 <conv_brk+0xb6>
 87c:	56 14       	cp	r5, r6
 87e:	10 f4       	brcc	.+4      	; 0x884 <conv_brk+0xa8>
 880:	53 94       	inc	r5
 882:	e7 cf       	rjmp	.-50     	; 0x852 <conv_brk+0x76>
 884:	5a 94       	dec	r5
 886:	e5 cf       	rjmp	.-54     	; 0x852 <conv_brk+0x76>
 888:	31 e0       	ldi	r19, 0x01	; 1
 88a:	04 c0       	rjmp	.+8      	; 0x894 <conv_brk+0xb8>
 88c:	77 24       	eor	r7, r7
 88e:	73 94       	inc	r7
 890:	01 c0       	rjmp	.+2      	; 0x894 <conv_brk+0xb8>
 892:	71 2c       	mov	r7, r1
 894:	01 96       	adiw	r24, 0x01	; 1
 896:	bf cf       	rjmp	.-130    	; 0x816 <conv_brk+0x3a>
 898:	77 20       	and	r7, r7
 89a:	19 f0       	breq	.+6      	; 0x8a2 <conv_brk+0xc6>
 89c:	8e 81       	ldd	r24, Y+6	; 0x06
 89e:	80 62       	ori	r24, 0x20	; 32
 8a0:	8e 83       	std	Y+6, r24	; 0x06
 8a2:	31 11       	cpse	r19, r1
 8a4:	03 c0       	rjmp	.+6      	; 0x8ac <conv_brk+0xd0>
 8a6:	88 24       	eor	r8, r8
 8a8:	83 94       	inc	r8
 8aa:	17 c0       	rjmp	.+46     	; 0x8da <conv_brk+0xfe>
 8ac:	f6 01       	movw	r30, r12
 8ae:	9e 01       	movw	r18, r28
 8b0:	2f 5d       	subi	r18, 0xDF	; 223
 8b2:	3f 4f       	sbci	r19, 0xFF	; 255
 8b4:	80 81       	ld	r24, Z
 8b6:	80 95       	com	r24
 8b8:	81 93       	st	Z+, r24
 8ba:	2e 17       	cp	r18, r30
 8bc:	3f 07       	cpc	r19, r31
 8be:	d1 f7       	brne	.-12     	; 0x8b4 <conv_brk+0xd8>
 8c0:	f2 cf       	rjmp	.-28     	; 0x8a6 <conv_brk+0xca>
 8c2:	e1 14       	cp	r14, r1
 8c4:	f1 04       	cpc	r15, r1
 8c6:	29 f0       	breq	.+10     	; 0x8d2 <conv_brk+0xf6>
 8c8:	d7 01       	movw	r26, r14
 8ca:	8c 93       	st	X, r24
 8cc:	f7 01       	movw	r30, r14
 8ce:	31 96       	adiw	r30, 0x01	; 1
 8d0:	7f 01       	movw	r14, r30
 8d2:	9a 94       	dec	r9
 8d4:	81 2c       	mov	r8, r1
 8d6:	99 20       	and	r9, r9
 8d8:	f9 f0       	breq	.+62     	; 0x918 <__stack+0x19>
 8da:	c5 01       	movw	r24, r10
 8dc:	0e 94 e7 05 	call	0xbce	; 0xbce <fgetc>
 8e0:	97 fd       	sbrc	r25, 7
 8e2:	18 c0       	rjmp	.+48     	; 0x914 <__stack+0x15>
 8e4:	fc 01       	movw	r30, r24
 8e6:	ff 27       	eor	r31, r31
 8e8:	23 e0       	ldi	r18, 0x03	; 3
 8ea:	f5 95       	asr	r31
 8ec:	e7 95       	ror	r30
 8ee:	2a 95       	dec	r18
 8f0:	e1 f7       	brne	.-8      	; 0x8ea <conv_brk+0x10e>
 8f2:	ec 0d       	add	r30, r12
 8f4:	fd 1d       	adc	r31, r13
 8f6:	20 81       	ld	r18, Z
 8f8:	30 e0       	ldi	r19, 0x00	; 0
 8fa:	ac 01       	movw	r20, r24
 8fc:	47 70       	andi	r20, 0x07	; 7
 8fe:	55 27       	eor	r21, r21
 900:	02 c0       	rjmp	.+4      	; 0x906 <__stack+0x7>
 902:	35 95       	asr	r19
 904:	27 95       	ror	r18
 906:	4a 95       	dec	r20
 908:	e2 f7       	brpl	.-8      	; 0x902 <__stack+0x3>
 90a:	20 fd       	sbrc	r18, 0
 90c:	da cf       	rjmp	.-76     	; 0x8c2 <conv_brk+0xe6>
 90e:	b5 01       	movw	r22, r10
 910:	0e 94 61 06 	call	0xcc2	; 0xcc2 <ungetc>
 914:	81 10       	cpse	r8, r1
 916:	87 cf       	rjmp	.-242    	; 0x826 <conv_brk+0x4a>
 918:	e1 14       	cp	r14, r1
 91a:	f1 04       	cpc	r15, r1
 91c:	11 f0       	breq	.+4      	; 0x922 <__stack+0x23>
 91e:	d7 01       	movw	r26, r14
 920:	1c 92       	st	X, r1
 922:	c8 01       	movw	r24, r16
 924:	15 c0       	rjmp	.+42     	; 0x950 <__stack+0x51>
 926:	42 2f       	mov	r20, r18
 928:	46 95       	lsr	r20
 92a:	46 95       	lsr	r20
 92c:	46 95       	lsr	r20
 92e:	d6 01       	movw	r26, r12
 930:	a4 0f       	add	r26, r20
 932:	b1 1d       	adc	r27, r1
 934:	42 2f       	mov	r20, r18
 936:	47 70       	andi	r20, 0x07	; 7
 938:	8b 01       	movw	r16, r22
 93a:	02 c0       	rjmp	.+4      	; 0x940 <__stack+0x41>
 93c:	00 0f       	add	r16, r16
 93e:	11 1f       	adc	r17, r17
 940:	4a 95       	dec	r20
 942:	e2 f7       	brpl	.-8      	; 0x93c <__stack+0x3d>
 944:	a8 01       	movw	r20, r16
 946:	5c 91       	ld	r21, X
 948:	45 2b       	or	r20, r21
 94a:	4c 93       	st	X, r20
 94c:	62 2e       	mov	r6, r18
 94e:	a2 cf       	rjmp	.-188    	; 0x894 <conv_brk+0xb8>
 950:	a0 96       	adiw	r28, 0x20	; 32
 952:	ef e0       	ldi	r30, 0x0F	; 15
 954:	0c 94 fa 06 	jmp	0xdf4	; 0xdf4 <__epilogue_restores__+0x6>

00000958 <vfscanf>:
 958:	a0 e0       	ldi	r26, 0x00	; 0
 95a:	b0 e0       	ldi	r27, 0x00	; 0
 95c:	e2 eb       	ldi	r30, 0xB2	; 178
 95e:	f4 e0       	ldi	r31, 0x04	; 4
 960:	0c 94 de 06 	jmp	0xdbc	; 0xdbc <__prologue_saves__+0x6>
 964:	6c 01       	movw	r12, r24
 966:	eb 01       	movw	r28, r22
 968:	5a 01       	movw	r10, r20
 96a:	fc 01       	movw	r30, r24
 96c:	17 82       	std	Z+7, r1	; 0x07
 96e:	16 82       	std	Z+6, r1	; 0x06
 970:	51 2c       	mov	r5, r1
 972:	f6 01       	movw	r30, r12
 974:	e3 80       	ldd	r14, Z+3	; 0x03
 976:	fe 01       	movw	r30, r28
 978:	e3 fc       	sbrc	r14, 3
 97a:	85 91       	lpm	r24, Z+
 97c:	e3 fe       	sbrs	r14, 3
 97e:	81 91       	ld	r24, Z+
 980:	18 2f       	mov	r17, r24
 982:	ef 01       	movw	r28, r30
 984:	88 23       	and	r24, r24
 986:	09 f4       	brne	.+2      	; 0x98a <vfscanf+0x32>
 988:	ee c0       	rjmp	.+476    	; 0xb66 <vfscanf+0x20e>
 98a:	90 e0       	ldi	r25, 0x00	; 0
 98c:	0e 94 bd 05 	call	0xb7a	; 0xb7a <isspace>
 990:	89 2b       	or	r24, r25
 992:	21 f0       	breq	.+8      	; 0x99c <vfscanf+0x44>
 994:	c6 01       	movw	r24, r12
 996:	0e 94 43 03 	call	0x686	; 0x686 <skip_spaces>
 99a:	eb cf       	rjmp	.-42     	; 0x972 <vfscanf+0x1a>
 99c:	15 32       	cpi	r17, 0x25	; 37
 99e:	41 f4       	brne	.+16     	; 0x9b0 <vfscanf+0x58>
 9a0:	fe 01       	movw	r30, r28
 9a2:	e3 fc       	sbrc	r14, 3
 9a4:	15 91       	lpm	r17, Z+
 9a6:	e3 fe       	sbrs	r14, 3
 9a8:	11 91       	ld	r17, Z+
 9aa:	ef 01       	movw	r28, r30
 9ac:	15 32       	cpi	r17, 0x25	; 37
 9ae:	81 f4       	brne	.+32     	; 0x9d0 <vfscanf+0x78>
 9b0:	c6 01       	movw	r24, r12
 9b2:	0e 94 e7 05 	call	0xbce	; 0xbce <fgetc>
 9b6:	97 fd       	sbrc	r25, 7
 9b8:	d4 c0       	rjmp	.+424    	; 0xb62 <vfscanf+0x20a>
 9ba:	41 2f       	mov	r20, r17
 9bc:	50 e0       	ldi	r21, 0x00	; 0
 9be:	9c 01       	movw	r18, r24
 9c0:	33 27       	eor	r19, r19
 9c2:	24 17       	cp	r18, r20
 9c4:	35 07       	cpc	r19, r21
 9c6:	a9 f2       	breq	.-86     	; 0x972 <vfscanf+0x1a>
 9c8:	b6 01       	movw	r22, r12
 9ca:	0e 94 61 06 	call	0xcc2	; 0xcc2 <ungetc>
 9ce:	cb c0       	rjmp	.+406    	; 0xb66 <vfscanf+0x20e>
 9d0:	1a 32       	cpi	r17, 0x2A	; 42
 9d2:	39 f4       	brne	.+14     	; 0x9e2 <vfscanf+0x8a>
 9d4:	e3 fc       	sbrc	r14, 3
 9d6:	15 91       	lpm	r17, Z+
 9d8:	e3 fe       	sbrs	r14, 3
 9da:	11 91       	ld	r17, Z+
 9dc:	ef 01       	movw	r28, r30
 9de:	01 e0       	ldi	r16, 0x01	; 1
 9e0:	01 c0       	rjmp	.+2      	; 0x9e4 <vfscanf+0x8c>
 9e2:	00 e0       	ldi	r16, 0x00	; 0
 9e4:	f1 2c       	mov	r15, r1
 9e6:	20 ed       	ldi	r18, 0xD0	; 208
 9e8:	21 0f       	add	r18, r17
 9ea:	2a 30       	cpi	r18, 0x0A	; 10
 9ec:	80 f4       	brcc	.+32     	; 0xa0e <vfscanf+0xb6>
 9ee:	02 60       	ori	r16, 0x02	; 2
 9f0:	6f 2d       	mov	r22, r15
 9f2:	70 e0       	ldi	r23, 0x00	; 0
 9f4:	80 e0       	ldi	r24, 0x00	; 0
 9f6:	90 e0       	ldi	r25, 0x00	; 0
 9f8:	40 e2       	ldi	r20, 0x20	; 32
 9fa:	0e 94 1c 03 	call	0x638	; 0x638 <mulacc>
 9fe:	f6 2e       	mov	r15, r22
 a00:	fe 01       	movw	r30, r28
 a02:	e3 fc       	sbrc	r14, 3
 a04:	15 91       	lpm	r17, Z+
 a06:	e3 fe       	sbrs	r14, 3
 a08:	11 91       	ld	r17, Z+
 a0a:	ef 01       	movw	r28, r30
 a0c:	ec cf       	rjmp	.-40     	; 0x9e6 <vfscanf+0x8e>
 a0e:	01 ff       	sbrs	r16, 1
 a10:	03 c0       	rjmp	.+6      	; 0xa18 <vfscanf+0xc0>
 a12:	f1 10       	cpse	r15, r1
 a14:	03 c0       	rjmp	.+6      	; 0xa1c <vfscanf+0xc4>
 a16:	a7 c0       	rjmp	.+334    	; 0xb66 <vfscanf+0x20e>
 a18:	ff 24       	eor	r15, r15
 a1a:	fa 94       	dec	r15
 a1c:	18 36       	cpi	r17, 0x68	; 104
 a1e:	19 f0       	breq	.+6      	; 0xa26 <vfscanf+0xce>
 a20:	1c 36       	cpi	r17, 0x6C	; 108
 a22:	51 f0       	breq	.+20     	; 0xa38 <vfscanf+0xe0>
 a24:	10 c0       	rjmp	.+32     	; 0xa46 <vfscanf+0xee>
 a26:	fe 01       	movw	r30, r28
 a28:	e3 fc       	sbrc	r14, 3
 a2a:	15 91       	lpm	r17, Z+
 a2c:	e3 fe       	sbrs	r14, 3
 a2e:	11 91       	ld	r17, Z+
 a30:	ef 01       	movw	r28, r30
 a32:	18 36       	cpi	r17, 0x68	; 104
 a34:	41 f4       	brne	.+16     	; 0xa46 <vfscanf+0xee>
 a36:	08 60       	ori	r16, 0x08	; 8
 a38:	04 60       	ori	r16, 0x04	; 4
 a3a:	fe 01       	movw	r30, r28
 a3c:	e3 fc       	sbrc	r14, 3
 a3e:	15 91       	lpm	r17, Z+
 a40:	e3 fe       	sbrs	r14, 3
 a42:	11 91       	ld	r17, Z+
 a44:	ef 01       	movw	r28, r30
 a46:	11 23       	and	r17, r17
 a48:	09 f4       	brne	.+2      	; 0xa4c <vfscanf+0xf4>
 a4a:	8d c0       	rjmp	.+282    	; 0xb66 <vfscanf+0x20e>
 a4c:	61 2f       	mov	r22, r17
 a4e:	70 e0       	ldi	r23, 0x00	; 0
 a50:	88 e6       	ldi	r24, 0x68	; 104
 a52:	90 e0       	ldi	r25, 0x00	; 0
 a54:	0e 94 c6 05 	call	0xb8c	; 0xb8c <strchr_P>
 a58:	89 2b       	or	r24, r25
 a5a:	09 f4       	brne	.+2      	; 0xa5e <vfscanf+0x106>
 a5c:	84 c0       	rjmp	.+264    	; 0xb66 <vfscanf+0x20e>
 a5e:	00 fd       	sbrc	r16, 0
 a60:	07 c0       	rjmp	.+14     	; 0xa70 <vfscanf+0x118>
 a62:	f5 01       	movw	r30, r10
 a64:	80 80       	ld	r8, Z
 a66:	91 80       	ldd	r9, Z+1	; 0x01
 a68:	c5 01       	movw	r24, r10
 a6a:	02 96       	adiw	r24, 0x02	; 2
 a6c:	5c 01       	movw	r10, r24
 a6e:	02 c0       	rjmp	.+4      	; 0xa74 <vfscanf+0x11c>
 a70:	81 2c       	mov	r8, r1
 a72:	91 2c       	mov	r9, r1
 a74:	1e 36       	cpi	r17, 0x6E	; 110
 a76:	51 f4       	brne	.+20     	; 0xa8c <vfscanf+0x134>
 a78:	f6 01       	movw	r30, r12
 a7a:	46 81       	ldd	r20, Z+6	; 0x06
 a7c:	57 81       	ldd	r21, Z+7	; 0x07
 a7e:	60 e0       	ldi	r22, 0x00	; 0
 a80:	70 e0       	ldi	r23, 0x00	; 0
 a82:	20 2f       	mov	r18, r16
 a84:	c4 01       	movw	r24, r8
 a86:	0e 94 10 03 	call	0x620	; 0x620 <putval>
 a8a:	73 cf       	rjmp	.-282    	; 0x972 <vfscanf+0x1a>
 a8c:	13 36       	cpi	r17, 0x63	; 99
 a8e:	a9 f4       	brne	.+42     	; 0xaba <vfscanf+0x162>
 a90:	01 fd       	sbrc	r16, 1
 a92:	02 c0       	rjmp	.+4      	; 0xa98 <vfscanf+0x140>
 a94:	ff 24       	eor	r15, r15
 a96:	f3 94       	inc	r15
 a98:	c6 01       	movw	r24, r12
 a9a:	0e 94 e7 05 	call	0xbce	; 0xbce <fgetc>
 a9e:	97 fd       	sbrc	r25, 7
 aa0:	60 c0       	rjmp	.+192    	; 0xb62 <vfscanf+0x20a>
 aa2:	81 14       	cp	r8, r1
 aa4:	91 04       	cpc	r9, r1
 aa6:	29 f0       	breq	.+10     	; 0xab2 <vfscanf+0x15a>
 aa8:	f4 01       	movw	r30, r8
 aaa:	80 83       	st	Z, r24
 aac:	c4 01       	movw	r24, r8
 aae:	01 96       	adiw	r24, 0x01	; 1
 ab0:	4c 01       	movw	r8, r24
 ab2:	fa 94       	dec	r15
 ab4:	f1 10       	cpse	r15, r1
 ab6:	f0 cf       	rjmp	.-32     	; 0xa98 <vfscanf+0x140>
 ab8:	50 c0       	rjmp	.+160    	; 0xb5a <vfscanf+0x202>
 aba:	1b 35       	cpi	r17, 0x5B	; 91
 abc:	59 f4       	brne	.+22     	; 0xad4 <vfscanf+0x17c>
 abe:	9e 01       	movw	r18, r28
 ac0:	a4 01       	movw	r20, r8
 ac2:	6f 2d       	mov	r22, r15
 ac4:	c6 01       	movw	r24, r12
 ac6:	0e 94 ee 03 	call	0x7dc	; 0x7dc <conv_brk>
 aca:	ec 01       	movw	r28, r24
 acc:	89 2b       	or	r24, r25
 ace:	09 f0       	breq	.+2      	; 0xad2 <vfscanf+0x17a>
 ad0:	44 c0       	rjmp	.+136    	; 0xb5a <vfscanf+0x202>
 ad2:	3e c0       	rjmp	.+124    	; 0xb50 <vfscanf+0x1f8>
 ad4:	c6 01       	movw	r24, r12
 ad6:	0e 94 43 03 	call	0x686	; 0x686 <skip_spaces>
 ada:	97 fd       	sbrc	r25, 7
 adc:	42 c0       	rjmp	.+132    	; 0xb62 <vfscanf+0x20a>
 ade:	1f 36       	cpi	r17, 0x6F	; 111
 ae0:	61 f1       	breq	.+88     	; 0xb3a <vfscanf+0x1e2>
 ae2:	28 f4       	brcc	.+10     	; 0xaee <vfscanf+0x196>
 ae4:	14 36       	cpi	r17, 0x64	; 100
 ae6:	39 f1       	breq	.+78     	; 0xb36 <vfscanf+0x1de>
 ae8:	19 36       	cpi	r17, 0x69	; 105
 aea:	51 f1       	breq	.+84     	; 0xb40 <vfscanf+0x1e8>
 aec:	28 c0       	rjmp	.+80     	; 0xb3e <vfscanf+0x1e6>
 aee:	13 37       	cpi	r17, 0x73	; 115
 af0:	71 f0       	breq	.+28     	; 0xb0e <vfscanf+0x1b6>
 af2:	15 37       	cpi	r17, 0x75	; 117
 af4:	01 f1       	breq	.+64     	; 0xb36 <vfscanf+0x1de>
 af6:	23 c0       	rjmp	.+70     	; 0xb3e <vfscanf+0x1e6>
 af8:	81 14       	cp	r8, r1
 afa:	91 04       	cpc	r9, r1
 afc:	29 f0       	breq	.+10     	; 0xb08 <vfscanf+0x1b0>
 afe:	f4 01       	movw	r30, r8
 b00:	60 82       	st	Z, r6
 b02:	c4 01       	movw	r24, r8
 b04:	01 96       	adiw	r24, 0x01	; 1
 b06:	4c 01       	movw	r8, r24
 b08:	fa 94       	dec	r15
 b0a:	ff 20       	and	r15, r15
 b0c:	71 f0       	breq	.+28     	; 0xb2a <vfscanf+0x1d2>
 b0e:	c6 01       	movw	r24, r12
 b10:	0e 94 e7 05 	call	0xbce	; 0xbce <fgetc>
 b14:	3c 01       	movw	r6, r24
 b16:	97 fd       	sbrc	r25, 7
 b18:	08 c0       	rjmp	.+16     	; 0xb2a <vfscanf+0x1d2>
 b1a:	0e 94 bd 05 	call	0xb7a	; 0xb7a <isspace>
 b1e:	89 2b       	or	r24, r25
 b20:	59 f3       	breq	.-42     	; 0xaf8 <vfscanf+0x1a0>
 b22:	b6 01       	movw	r22, r12
 b24:	c3 01       	movw	r24, r6
 b26:	0e 94 61 06 	call	0xcc2	; 0xcc2 <ungetc>
 b2a:	81 14       	cp	r8, r1
 b2c:	91 04       	cpc	r9, r1
 b2e:	a9 f0       	breq	.+42     	; 0xb5a <vfscanf+0x202>
 b30:	f4 01       	movw	r30, r8
 b32:	10 82       	st	Z, r1
 b34:	12 c0       	rjmp	.+36     	; 0xb5a <vfscanf+0x202>
 b36:	00 62       	ori	r16, 0x20	; 32
 b38:	03 c0       	rjmp	.+6      	; 0xb40 <vfscanf+0x1e8>
 b3a:	00 61       	ori	r16, 0x10	; 16
 b3c:	01 c0       	rjmp	.+2      	; 0xb40 <vfscanf+0x1e8>
 b3e:	00 64       	ori	r16, 0x40	; 64
 b40:	20 2f       	mov	r18, r16
 b42:	a4 01       	movw	r20, r8
 b44:	6f 2d       	mov	r22, r15
 b46:	c6 01       	movw	r24, r12
 b48:	0e 94 5c 03 	call	0x6b8	; 0x6b8 <conv_int>
 b4c:	81 11       	cpse	r24, r1
 b4e:	05 c0       	rjmp	.+10     	; 0xb5a <vfscanf+0x202>
 b50:	f6 01       	movw	r30, r12
 b52:	83 81       	ldd	r24, Z+3	; 0x03
 b54:	80 73       	andi	r24, 0x30	; 48
 b56:	29 f4       	brne	.+10     	; 0xb62 <vfscanf+0x20a>
 b58:	06 c0       	rjmp	.+12     	; 0xb66 <vfscanf+0x20e>
 b5a:	00 fd       	sbrc	r16, 0
 b5c:	0a cf       	rjmp	.-492    	; 0x972 <vfscanf+0x1a>
 b5e:	53 94       	inc	r5
 b60:	08 cf       	rjmp	.-496    	; 0x972 <vfscanf+0x1a>
 b62:	55 20       	and	r5, r5
 b64:	19 f0       	breq	.+6      	; 0xb6c <vfscanf+0x214>
 b66:	85 2d       	mov	r24, r5
 b68:	90 e0       	ldi	r25, 0x00	; 0
 b6a:	02 c0       	rjmp	.+4      	; 0xb70 <vfscanf+0x218>
 b6c:	8f ef       	ldi	r24, 0xFF	; 255
 b6e:	9f ef       	ldi	r25, 0xFF	; 255
 b70:	cd b7       	in	r28, 0x3d	; 61
 b72:	de b7       	in	r29, 0x3e	; 62
 b74:	ef e0       	ldi	r30, 0x0F	; 15
 b76:	0c 94 fa 06 	jmp	0xdf4	; 0xdf4 <__epilogue_restores__+0x6>

00000b7a <isspace>:
 b7a:	91 11       	cpse	r25, r1
 b7c:	0c 94 d8 06 	jmp	0xdb0	; 0xdb0 <__ctype_isfalse>
 b80:	80 32       	cpi	r24, 0x20	; 32
 b82:	19 f0       	breq	.+6      	; 0xb8a <isspace+0x10>
 b84:	89 50       	subi	r24, 0x09	; 9
 b86:	85 50       	subi	r24, 0x05	; 5
 b88:	c8 f7       	brcc	.-14     	; 0xb7c <isspace+0x2>
 b8a:	08 95       	ret

00000b8c <strchr_P>:
 b8c:	fc 01       	movw	r30, r24
 b8e:	05 90       	lpm	r0, Z+
 b90:	06 16       	cp	r0, r22
 b92:	21 f0       	breq	.+8      	; 0xb9c <strchr_P+0x10>
 b94:	00 20       	and	r0, r0
 b96:	d9 f7       	brne	.-10     	; 0xb8e <strchr_P+0x2>
 b98:	c0 01       	movw	r24, r0
 b9a:	08 95       	ret
 b9c:	31 97       	sbiw	r30, 0x01	; 1
 b9e:	cf 01       	movw	r24, r30
 ba0:	08 95       	ret

00000ba2 <strnlen_P>:
 ba2:	fc 01       	movw	r30, r24
 ba4:	05 90       	lpm	r0, Z+
 ba6:	61 50       	subi	r22, 0x01	; 1
 ba8:	70 40       	sbci	r23, 0x00	; 0
 baa:	01 10       	cpse	r0, r1
 bac:	d8 f7       	brcc	.-10     	; 0xba4 <strnlen_P+0x2>
 bae:	80 95       	com	r24
 bb0:	90 95       	com	r25
 bb2:	8e 0f       	add	r24, r30
 bb4:	9f 1f       	adc	r25, r31
 bb6:	08 95       	ret

00000bb8 <strnlen>:
 bb8:	fc 01       	movw	r30, r24
 bba:	61 50       	subi	r22, 0x01	; 1
 bbc:	70 40       	sbci	r23, 0x00	; 0
 bbe:	01 90       	ld	r0, Z+
 bc0:	01 10       	cpse	r0, r1
 bc2:	d8 f7       	brcc	.-10     	; 0xbba <strnlen+0x2>
 bc4:	80 95       	com	r24
 bc6:	90 95       	com	r25
 bc8:	8e 0f       	add	r24, r30
 bca:	9f 1f       	adc	r25, r31
 bcc:	08 95       	ret

00000bce <fgetc>:
 bce:	cf 93       	push	r28
 bd0:	df 93       	push	r29
 bd2:	ec 01       	movw	r28, r24
 bd4:	2b 81       	ldd	r18, Y+3	; 0x03
 bd6:	20 ff       	sbrs	r18, 0
 bd8:	33 c0       	rjmp	.+102    	; 0xc40 <fgetc+0x72>
 bda:	26 ff       	sbrs	r18, 6
 bdc:	0a c0       	rjmp	.+20     	; 0xbf2 <fgetc+0x24>
 bde:	2f 7b       	andi	r18, 0xBF	; 191
 be0:	2b 83       	std	Y+3, r18	; 0x03
 be2:	8e 81       	ldd	r24, Y+6	; 0x06
 be4:	9f 81       	ldd	r25, Y+7	; 0x07
 be6:	01 96       	adiw	r24, 0x01	; 1
 be8:	9f 83       	std	Y+7, r25	; 0x07
 bea:	8e 83       	std	Y+6, r24	; 0x06
 bec:	8a 81       	ldd	r24, Y+2	; 0x02
 bee:	90 e0       	ldi	r25, 0x00	; 0
 bf0:	29 c0       	rjmp	.+82     	; 0xc44 <fgetc+0x76>
 bf2:	22 ff       	sbrs	r18, 2
 bf4:	0f c0       	rjmp	.+30     	; 0xc14 <fgetc+0x46>
 bf6:	e8 81       	ld	r30, Y
 bf8:	f9 81       	ldd	r31, Y+1	; 0x01
 bfa:	80 81       	ld	r24, Z
 bfc:	08 2e       	mov	r0, r24
 bfe:	00 0c       	add	r0, r0
 c00:	99 0b       	sbc	r25, r25
 c02:	00 97       	sbiw	r24, 0x00	; 0
 c04:	19 f4       	brne	.+6      	; 0xc0c <fgetc+0x3e>
 c06:	20 62       	ori	r18, 0x20	; 32
 c08:	2b 83       	std	Y+3, r18	; 0x03
 c0a:	1a c0       	rjmp	.+52     	; 0xc40 <fgetc+0x72>
 c0c:	31 96       	adiw	r30, 0x01	; 1
 c0e:	f9 83       	std	Y+1, r31	; 0x01
 c10:	e8 83       	st	Y, r30
 c12:	0e c0       	rjmp	.+28     	; 0xc30 <fgetc+0x62>
 c14:	ea 85       	ldd	r30, Y+10	; 0x0a
 c16:	fb 85       	ldd	r31, Y+11	; 0x0b
 c18:	09 95       	icall
 c1a:	97 ff       	sbrs	r25, 7
 c1c:	09 c0       	rjmp	.+18     	; 0xc30 <fgetc+0x62>
 c1e:	2b 81       	ldd	r18, Y+3	; 0x03
 c20:	01 96       	adiw	r24, 0x01	; 1
 c22:	11 f0       	breq	.+4      	; 0xc28 <fgetc+0x5a>
 c24:	80 e2       	ldi	r24, 0x20	; 32
 c26:	01 c0       	rjmp	.+2      	; 0xc2a <fgetc+0x5c>
 c28:	80 e1       	ldi	r24, 0x10	; 16
 c2a:	82 2b       	or	r24, r18
 c2c:	8b 83       	std	Y+3, r24	; 0x03
 c2e:	08 c0       	rjmp	.+16     	; 0xc40 <fgetc+0x72>
 c30:	2e 81       	ldd	r18, Y+6	; 0x06
 c32:	3f 81       	ldd	r19, Y+7	; 0x07
 c34:	2f 5f       	subi	r18, 0xFF	; 255
 c36:	3f 4f       	sbci	r19, 0xFF	; 255
 c38:	3f 83       	std	Y+7, r19	; 0x07
 c3a:	2e 83       	std	Y+6, r18	; 0x06
 c3c:	99 27       	eor	r25, r25
 c3e:	02 c0       	rjmp	.+4      	; 0xc44 <fgetc+0x76>
 c40:	8f ef       	ldi	r24, 0xFF	; 255
 c42:	9f ef       	ldi	r25, 0xFF	; 255
 c44:	df 91       	pop	r29
 c46:	cf 91       	pop	r28
 c48:	08 95       	ret

00000c4a <fputc>:
 c4a:	0f 93       	push	r16
 c4c:	1f 93       	push	r17
 c4e:	cf 93       	push	r28
 c50:	df 93       	push	r29
 c52:	fb 01       	movw	r30, r22
 c54:	23 81       	ldd	r18, Z+3	; 0x03
 c56:	21 fd       	sbrc	r18, 1
 c58:	03 c0       	rjmp	.+6      	; 0xc60 <fputc+0x16>
 c5a:	8f ef       	ldi	r24, 0xFF	; 255
 c5c:	9f ef       	ldi	r25, 0xFF	; 255
 c5e:	2c c0       	rjmp	.+88     	; 0xcb8 <fputc+0x6e>
 c60:	22 ff       	sbrs	r18, 2
 c62:	16 c0       	rjmp	.+44     	; 0xc90 <fputc+0x46>
 c64:	46 81       	ldd	r20, Z+6	; 0x06
 c66:	57 81       	ldd	r21, Z+7	; 0x07
 c68:	24 81       	ldd	r18, Z+4	; 0x04
 c6a:	35 81       	ldd	r19, Z+5	; 0x05
 c6c:	42 17       	cp	r20, r18
 c6e:	53 07       	cpc	r21, r19
 c70:	44 f4       	brge	.+16     	; 0xc82 <fputc+0x38>
 c72:	a0 81       	ld	r26, Z
 c74:	b1 81       	ldd	r27, Z+1	; 0x01
 c76:	9d 01       	movw	r18, r26
 c78:	2f 5f       	subi	r18, 0xFF	; 255
 c7a:	3f 4f       	sbci	r19, 0xFF	; 255
 c7c:	31 83       	std	Z+1, r19	; 0x01
 c7e:	20 83       	st	Z, r18
 c80:	8c 93       	st	X, r24
 c82:	26 81       	ldd	r18, Z+6	; 0x06
 c84:	37 81       	ldd	r19, Z+7	; 0x07
 c86:	2f 5f       	subi	r18, 0xFF	; 255
 c88:	3f 4f       	sbci	r19, 0xFF	; 255
 c8a:	37 83       	std	Z+7, r19	; 0x07
 c8c:	26 83       	std	Z+6, r18	; 0x06
 c8e:	14 c0       	rjmp	.+40     	; 0xcb8 <fputc+0x6e>
 c90:	8b 01       	movw	r16, r22
 c92:	ec 01       	movw	r28, r24
 c94:	fb 01       	movw	r30, r22
 c96:	00 84       	ldd	r0, Z+8	; 0x08
 c98:	f1 85       	ldd	r31, Z+9	; 0x09
 c9a:	e0 2d       	mov	r30, r0
 c9c:	09 95       	icall
 c9e:	89 2b       	or	r24, r25
 ca0:	e1 f6       	brne	.-72     	; 0xc5a <fputc+0x10>
 ca2:	d8 01       	movw	r26, r16
 ca4:	16 96       	adiw	r26, 0x06	; 6
 ca6:	8d 91       	ld	r24, X+
 ca8:	9c 91       	ld	r25, X
 caa:	17 97       	sbiw	r26, 0x07	; 7
 cac:	01 96       	adiw	r24, 0x01	; 1
 cae:	17 96       	adiw	r26, 0x07	; 7
 cb0:	9c 93       	st	X, r25
 cb2:	8e 93       	st	-X, r24
 cb4:	16 97       	sbiw	r26, 0x06	; 6
 cb6:	ce 01       	movw	r24, r28
 cb8:	df 91       	pop	r29
 cba:	cf 91       	pop	r28
 cbc:	1f 91       	pop	r17
 cbe:	0f 91       	pop	r16
 cc0:	08 95       	ret

00000cc2 <ungetc>:
 cc2:	fb 01       	movw	r30, r22
 cc4:	23 81       	ldd	r18, Z+3	; 0x03
 cc6:	20 ff       	sbrs	r18, 0
 cc8:	12 c0       	rjmp	.+36     	; 0xcee <ungetc+0x2c>
 cca:	26 fd       	sbrc	r18, 6
 ccc:	10 c0       	rjmp	.+32     	; 0xcee <ungetc+0x2c>
 cce:	8f 3f       	cpi	r24, 0xFF	; 255
 cd0:	3f ef       	ldi	r19, 0xFF	; 255
 cd2:	93 07       	cpc	r25, r19
 cd4:	61 f0       	breq	.+24     	; 0xcee <ungetc+0x2c>
 cd6:	82 83       	std	Z+2, r24	; 0x02
 cd8:	2f 7d       	andi	r18, 0xDF	; 223
 cda:	20 64       	ori	r18, 0x40	; 64
 cdc:	23 83       	std	Z+3, r18	; 0x03
 cde:	26 81       	ldd	r18, Z+6	; 0x06
 ce0:	37 81       	ldd	r19, Z+7	; 0x07
 ce2:	21 50       	subi	r18, 0x01	; 1
 ce4:	31 09       	sbc	r19, r1
 ce6:	37 83       	std	Z+7, r19	; 0x07
 ce8:	26 83       	std	Z+6, r18	; 0x06
 cea:	99 27       	eor	r25, r25
 cec:	08 95       	ret
 cee:	8f ef       	ldi	r24, 0xFF	; 255
 cf0:	9f ef       	ldi	r25, 0xFF	; 255
 cf2:	08 95       	ret

00000cf4 <__ultoa_invert>:
 cf4:	fa 01       	movw	r30, r20
 cf6:	aa 27       	eor	r26, r26
 cf8:	28 30       	cpi	r18, 0x08	; 8
 cfa:	51 f1       	breq	.+84     	; 0xd50 <__ultoa_invert+0x5c>
 cfc:	20 31       	cpi	r18, 0x10	; 16
 cfe:	81 f1       	breq	.+96     	; 0xd60 <__ultoa_invert+0x6c>
 d00:	e8 94       	clt
 d02:	6f 93       	push	r22
 d04:	6e 7f       	andi	r22, 0xFE	; 254
 d06:	6e 5f       	subi	r22, 0xFE	; 254
 d08:	7f 4f       	sbci	r23, 0xFF	; 255
 d0a:	8f 4f       	sbci	r24, 0xFF	; 255
 d0c:	9f 4f       	sbci	r25, 0xFF	; 255
 d0e:	af 4f       	sbci	r26, 0xFF	; 255
 d10:	b1 e0       	ldi	r27, 0x01	; 1
 d12:	3e d0       	rcall	.+124    	; 0xd90 <__ultoa_invert+0x9c>
 d14:	b4 e0       	ldi	r27, 0x04	; 4
 d16:	3c d0       	rcall	.+120    	; 0xd90 <__ultoa_invert+0x9c>
 d18:	67 0f       	add	r22, r23
 d1a:	78 1f       	adc	r23, r24
 d1c:	89 1f       	adc	r24, r25
 d1e:	9a 1f       	adc	r25, r26
 d20:	a1 1d       	adc	r26, r1
 d22:	68 0f       	add	r22, r24
 d24:	79 1f       	adc	r23, r25
 d26:	8a 1f       	adc	r24, r26
 d28:	91 1d       	adc	r25, r1
 d2a:	a1 1d       	adc	r26, r1
 d2c:	6a 0f       	add	r22, r26
 d2e:	71 1d       	adc	r23, r1
 d30:	81 1d       	adc	r24, r1
 d32:	91 1d       	adc	r25, r1
 d34:	a1 1d       	adc	r26, r1
 d36:	20 d0       	rcall	.+64     	; 0xd78 <__ultoa_invert+0x84>
 d38:	09 f4       	brne	.+2      	; 0xd3c <__ultoa_invert+0x48>
 d3a:	68 94       	set
 d3c:	3f 91       	pop	r19
 d3e:	2a e0       	ldi	r18, 0x0A	; 10
 d40:	26 9f       	mul	r18, r22
 d42:	11 24       	eor	r1, r1
 d44:	30 19       	sub	r19, r0
 d46:	30 5d       	subi	r19, 0xD0	; 208
 d48:	31 93       	st	Z+, r19
 d4a:	de f6       	brtc	.-74     	; 0xd02 <__ultoa_invert+0xe>
 d4c:	cf 01       	movw	r24, r30
 d4e:	08 95       	ret
 d50:	46 2f       	mov	r20, r22
 d52:	47 70       	andi	r20, 0x07	; 7
 d54:	40 5d       	subi	r20, 0xD0	; 208
 d56:	41 93       	st	Z+, r20
 d58:	b3 e0       	ldi	r27, 0x03	; 3
 d5a:	0f d0       	rcall	.+30     	; 0xd7a <__ultoa_invert+0x86>
 d5c:	c9 f7       	brne	.-14     	; 0xd50 <__ultoa_invert+0x5c>
 d5e:	f6 cf       	rjmp	.-20     	; 0xd4c <__ultoa_invert+0x58>
 d60:	46 2f       	mov	r20, r22
 d62:	4f 70       	andi	r20, 0x0F	; 15
 d64:	40 5d       	subi	r20, 0xD0	; 208
 d66:	4a 33       	cpi	r20, 0x3A	; 58
 d68:	18 f0       	brcs	.+6      	; 0xd70 <__ultoa_invert+0x7c>
 d6a:	49 5d       	subi	r20, 0xD9	; 217
 d6c:	31 fd       	sbrc	r19, 1
 d6e:	40 52       	subi	r20, 0x20	; 32
 d70:	41 93       	st	Z+, r20
 d72:	02 d0       	rcall	.+4      	; 0xd78 <__ultoa_invert+0x84>
 d74:	a9 f7       	brne	.-22     	; 0xd60 <__ultoa_invert+0x6c>
 d76:	ea cf       	rjmp	.-44     	; 0xd4c <__ultoa_invert+0x58>
 d78:	b4 e0       	ldi	r27, 0x04	; 4
 d7a:	a6 95       	lsr	r26
 d7c:	97 95       	ror	r25
 d7e:	87 95       	ror	r24
 d80:	77 95       	ror	r23
 d82:	67 95       	ror	r22
 d84:	ba 95       	dec	r27
 d86:	c9 f7       	brne	.-14     	; 0xd7a <__ultoa_invert+0x86>
 d88:	00 97       	sbiw	r24, 0x00	; 0
 d8a:	61 05       	cpc	r22, r1
 d8c:	71 05       	cpc	r23, r1
 d8e:	08 95       	ret
 d90:	9b 01       	movw	r18, r22
 d92:	ac 01       	movw	r20, r24
 d94:	0a 2e       	mov	r0, r26
 d96:	06 94       	lsr	r0
 d98:	57 95       	ror	r21
 d9a:	47 95       	ror	r20
 d9c:	37 95       	ror	r19
 d9e:	27 95       	ror	r18
 da0:	ba 95       	dec	r27
 da2:	c9 f7       	brne	.-14     	; 0xd96 <__ultoa_invert+0xa2>
 da4:	62 0f       	add	r22, r18
 da6:	73 1f       	adc	r23, r19
 da8:	84 1f       	adc	r24, r20
 daa:	95 1f       	adc	r25, r21
 dac:	a0 1d       	adc	r26, r0
 dae:	08 95       	ret

00000db0 <__ctype_isfalse>:
 db0:	99 27       	eor	r25, r25
 db2:	88 27       	eor	r24, r24

00000db4 <__ctype_istrue>:
 db4:	08 95       	ret

00000db6 <__prologue_saves__>:
 db6:	2f 92       	push	r2
 db8:	3f 92       	push	r3
 dba:	4f 92       	push	r4
 dbc:	5f 92       	push	r5
 dbe:	6f 92       	push	r6
 dc0:	7f 92       	push	r7
 dc2:	8f 92       	push	r8
 dc4:	9f 92       	push	r9
 dc6:	af 92       	push	r10
 dc8:	bf 92       	push	r11
 dca:	cf 92       	push	r12
 dcc:	df 92       	push	r13
 dce:	ef 92       	push	r14
 dd0:	ff 92       	push	r15
 dd2:	0f 93       	push	r16
 dd4:	1f 93       	push	r17
 dd6:	cf 93       	push	r28
 dd8:	df 93       	push	r29
 dda:	cd b7       	in	r28, 0x3d	; 61
 ddc:	de b7       	in	r29, 0x3e	; 62
 dde:	ca 1b       	sub	r28, r26
 de0:	db 0b       	sbc	r29, r27
 de2:	0f b6       	in	r0, 0x3f	; 63
 de4:	f8 94       	cli
 de6:	de bf       	out	0x3e, r29	; 62
 de8:	0f be       	out	0x3f, r0	; 63
 dea:	cd bf       	out	0x3d, r28	; 61
 dec:	09 94       	ijmp

00000dee <__epilogue_restores__>:
 dee:	2a 88       	ldd	r2, Y+18	; 0x12
 df0:	39 88       	ldd	r3, Y+17	; 0x11
 df2:	48 88       	ldd	r4, Y+16	; 0x10
 df4:	5f 84       	ldd	r5, Y+15	; 0x0f
 df6:	6e 84       	ldd	r6, Y+14	; 0x0e
 df8:	7d 84       	ldd	r7, Y+13	; 0x0d
 dfa:	8c 84       	ldd	r8, Y+12	; 0x0c
 dfc:	9b 84       	ldd	r9, Y+11	; 0x0b
 dfe:	aa 84       	ldd	r10, Y+10	; 0x0a
 e00:	b9 84       	ldd	r11, Y+9	; 0x09
 e02:	c8 84       	ldd	r12, Y+8	; 0x08
 e04:	df 80       	ldd	r13, Y+7	; 0x07
 e06:	ee 80       	ldd	r14, Y+6	; 0x06
 e08:	fd 80       	ldd	r15, Y+5	; 0x05
 e0a:	0c 81       	ldd	r16, Y+4	; 0x04
 e0c:	1b 81       	ldd	r17, Y+3	; 0x03
 e0e:	aa 81       	ldd	r26, Y+2	; 0x02
 e10:	b9 81       	ldd	r27, Y+1	; 0x01
 e12:	ce 0f       	add	r28, r30
 e14:	d1 1d       	adc	r29, r1
 e16:	0f b6       	in	r0, 0x3f	; 63
 e18:	f8 94       	cli
 e1a:	de bf       	out	0x3e, r29	; 62
 e1c:	0f be       	out	0x3f, r0	; 63
 e1e:	cd bf       	out	0x3d, r28	; 61
 e20:	ed 01       	movw	r28, r26
 e22:	08 95       	ret

00000e24 <_exit>:
 e24:	f8 94       	cli

00000e26 <__stop_program>:
 e26:	ff cf       	rjmp	.-2      	; 0xe26 <__stop_program>
